1599000388983	geckodriver	INFO	Listening on 127.0.0.1:52960
1599000392052	mozrunner::runner	INFO	Running command: "C:\\Program Files\\Mozilla Firefox\\firefox.exe" "--marionette" "-foreground" "-no-remote" "-profile" "C:\\Users\\simon\\AppData\\Local\\Temp\\rust_mozprofileLXGsdo"
1599000398671	geckodriver	INFO	Listening on 127.0.0.1:52971
1599000401762	mozrunner::runner	INFO	Running command: "C:\\Program Files\\Mozilla Firefox\\firefox.exe" "--marionette" "-foreground" "-no-remote" "-profile" "C:\\Users\\simon\\AppData\\Local\\Temp\\rust_mozprofilefx3kRw"
JavaScript error: resource://gre/modules/XULStore.jsm, line 66: Error: Can't find profile directory.
console.error: SearchCache: "_readCacheFile: Error reading cache file:" (new Error("", "(unknown module)"))
1599000408645	Marionette	INFO	Listening on port 52981
1599000409134	Marionette	WARN	TLS certificate errors will be ignored for this session
1599000413022	Marionette	INFO	Stopped listening on port 52981

###!!! [Child][RunMessage] Error: Channel closing: too late to send/recv, messages will be lost


###!!! [Child][MessageChannel::SendAndWait] Error: Channel error: cannot send/recv

1599000482373	geckodriver	INFO	Listening on 127.0.0.1:53091
1599000485439	mozrunner::runner	INFO	Running command: "C:\\Program Files\\Mozilla Firefox\\firefox.exe" "--marionette" "-foreground" "-no-remote" "-profile" "C:\\Users\\simon\\AppData\\Local\\Temp\\rust_mozprofilezQVmlL"
JavaScript error: resource://gre/modules/XULStore.jsm, line 66: Error: Can't find profile directory.
console.error: SearchCache: "_readCacheFile: Error reading cache file:" (new Error("", "(unknown module)"))
1599000489105	Marionette	INFO	Listening on port 53099
1599000489617	Marionette	WARN	TLS certificate errors will be ignored for this session
1599000513658	Marionette	INFO	Stopped listening on port 53099

###!!! [Child][RunMessage] Error: Channel closing: too late to send/recv, messages will be lost


###!!! [Child][MessageChannel::SendAndWait] Error: Channel error: cannot send/recv

1599000540523	geckodriver	INFO	Listening on 127.0.0.1:53213
1599000543605	mozrunner::runner	INFO	Running command: "C:\\Program Files\\Mozilla Firefox\\firefox.exe" "--marionette" "-foreground" "-no-remote" "-profile" "C:\\Users\\simon\\AppData\\Local\\Temp\\rust_mozprofilesSyGWL"
JavaScript error: resource://gre/modules/XULStore.jsm, line 66: Error: Can't find profile directory.
console.error: SearchCache: "_readCacheFile: Error reading cache file:" (new Error("", "(unknown module)"))
1599000546935	Marionette	INFO	Listening on port 53221
1599000547277	Marionette	WARN	TLS certificate errors will be ignored for this session
console.error: "Error while calling actor 'layout's method 'getGrids'" "node is null"
console.error: "getGrids@resource://devtools/server/actors/layout.js:502:26\ngetGrids@resource://devtools/server/actors/layout.js:507:43\ngetGrids@resource://devtools/server/actors/layout.js:507:43\ngetGrids@resource://devtools/server/actors/layout.js:507:43\ngetGrids@resource://devtools/server/actors/layout.js:507:43\nhandler@resource://devtools/shared/protocol/Actor.js:162:37\nonPacket@resource://devtools/server/devtools-server-connection.js:379:58\nreceiveMessage@resource://devtools/shared/transport/child-transport.js:66:16\n"
1599000560230	Marionette	INFO	Stopped listening on port 53221

###!!! [Child][RunMessage] Error: Channel closing: too late to send/recv, messages will be lost


###!!! [Child][MessageChannel::SendAndWait] Error: Channel error: cannot send/recv

1599000745317	geckodriver	INFO	Listening on 127.0.0.1:53535
1599000748411	mozrunner::runner	INFO	Running command: "C:\\Program Files\\Mozilla Firefox\\firefox.exe" "--marionette" "-foreground" "-no-remote" "-profile" "C:\\Users\\simon\\AppData\\Local\\Temp\\rust_mozprofileSEXtWa"
JavaScript error: resource://gre/modules/XULStore.jsm, line 66: Error: Can't find profile directory.
console.error: SearchCache: "_readCacheFile: Error reading cache file:" (new Error("", "(unknown module)"))
1599000751908	Marionette	INFO	Listening on port 53545
1599000752055	Marionette	WARN	TLS certificate errors will be ignored for this session
1599000759276	Marionette	INFO	Stopped listening on port 53545

###!!! [Child][RunMessage] Error: Channel closing: too late to send/recv, messages will be lost


###!!! [Child][MessageChannel::SendAndWait] Error: Channel error: cannot send/recv

1599000866952	geckodriver	INFO	Listening on 127.0.0.1:53704
1599000870030	mozrunner::runner	INFO	Running command: "C:\\Program Files\\Mozilla Firefox\\firefox.exe" "--marionette" "-foreground" "-no-remote" "-profile" "C:\\Users\\simon\\AppData\\Local\\Temp\\rust_mozprofilenBItw4"
JavaScript error: resource://gre/modules/XULStore.jsm, line 66: Error: Can't find profile directory.
console.error: SearchCache: "_readCacheFile: Error reading cache file:" (new Error("", "(unknown module)"))
1599000874012	Marionette	INFO	Listening on port 53712
1599000874201	Marionette	WARN	TLS certificate errors will be ignored for this session
1599001380152	Marionette	INFO	Stopped listening on port 53712

###!!! [Child][MessageChannel::SendAndWait] Error: Channel error: cannot send/recv

firefox.exe" "--marionette" "-foreground" "-no-remote" "-profile" "C:\\Users\\simon\\AppData\\Local\\Temp\\rust_mozprofilecFIjmL"
JavaScript error: resource://gre/modules/XULStore.jsm, line 66: Error: Can't find profile directory.
console.error: SearchCache: "_readCacheFile: Error reading cache file:" (new Error("", "(unknown module)"))
1599001264699	Marionette	INFO	Listening on port 53884
1599001264822	Marionette	WARN	TLS certificate errors will be ignored for this session
1599001278609	Marionette	INFO	Stopped listening on port 53884

###!!! [Child][RunMessage] Error: Channel closing: too late to send/recv, messages will be lost


###!!! [Child][RunMessage] Error: Channel closing: too late to send/recv, messages will be lost


###!!! [Child][RunMessage] Error: Channel closing: too late to send/recv, messages will be lost


###!!! [Child][RunMessage] Error: Channel closing: too late to send/recv, messages will be lost


###!!! [Child][RunMessage] Error: Channel closing: too late to send/recv, messages will be lost


###!!! [Child][RunMessage] Error: Channel closing: too late to send/recv, messages will be lost


###!!! [Child][RunMessage] Error: Channel closing: too late to send/recv, messages will be lost


###!!! [Child][RunMessage] Error: Channel closing: too late to send/recv, messages will be lost


###!!! [Child][RunMessage] Error: Channel closing: too late to send/recv, messages will be lost


###!!! [Child][RunMessage] Error: Channel closing: too late to send/recv, messages will be lost


###!!! [Child][RunMessage] Error: Channel closing: too late to send/recv, messages will be lost


###!!! [Child][RunMessage] Error: Channel closing: too late to send/recv, messages will be lost


###!!! [Child][RunMessage] Error: Channel closing: too late to send/recv, messages will be lost


###!!! [Child][RunMessage] Error: Channel closing: too late to send/recv, messages will be lost


###!!! [Child][RunMessage] Error: Channel closing: too late to send/recv, messages will be lost


###!!! [Child][RunMessage] Error: Channel closing: too late to send/recv, messages will be lost


###!!! [Child][RunMessage] Error: Channel closing: too late to send/recv, messages will be lost


###!!! [Child][RunMessage] Error: Channel closing: too late to send/recv, messages will be lost


###!!! [Child][RunMessage] Error: Channel closing: too late to send/recv, messages will be lost


###!!! [Child][RunMessage] Error: Channel closing: too late to send/recv, messages will be lost


###!!! [Child][MessageChannel::SendAndWait] Error: Channel error: cannot send/recv

1599001349470	geckodriver	INFO	Listening on 127.0.0.1:54031
1599001352578	mozrunner::runner	INFO	Running command: "C:\\Program Files\\Mozilla Firefox\\firefox.exe" "--marionette" "-foreground" "-no-remote" "-profile" "C:\\Users\\simon\\AppData\\Local\\Temp\\rust_mozprofile3s7CPM"
JavaScript error: resource://gre/modules/XULStore.jsm, line 66: Error: Can't find profile directory.
console.error: SearchCache: "_readCacheFile: Error reading cache file:" (new Error("", "(unknown module)"))
1599001355430	Marionette	INFO	Listening on port 54039
1599001355746	Marionette	WARN	TLS certificate errors will be ignored for this session
[Parent 7664, Gecko_IOThread] WARNING: file /builds/worker/checkouts/gecko/ipc/chromium/src/base/process_util_win.cc, line 166
1599001375442	Marionette	INFO	Stopped listening on port 54039

###!!! [Child][RunMessage] Error: Channel closing: too late to send/recv, messages will be lost


###!!! [Child][MessageChannel::SendAndWait] Error: Channel error: cannot send/recv

1599001559683	geckodriver	INFO	Listening on 127.0.0.1:54189
1599001562793	mozrunner::runner	INFO	Running command: "C:\\Program Files\\Mozilla Firefox\\firefox.exe" "--marionette" "-foreground" "-no-remote" "-profile" "C:\\Users\\simon\\AppData\\Local\\Temp\\rust_mozprofileZXwAqS"
JavaScript error: resource://gre/modules/XULStore.jsm, line 66: Error: Can't find profile directory.
console.error: SearchCache: "_readCacheFile: Error reading cache file:" (new Error("", "(unknown module)"))
1599001566652	Marionette	INFO	Listening on port 54197
1599001566984	Marionette	WARN	TLS certificate errors will be ignored for this session
1599001632082	Marionette	INFO	Stopped listening on port 54197

###!!! [Child][RunMessage] Error: Channel closing: too late to send/recv, messages will be lost


###!!! [Child][MessageChannel::SendAndWait] Error: Channel error: cannot send/recv

Temp\\rust_mozprofilecwSoDD"
JavaScript error: resource://gre/modules/XULStore.jsm, line 66: Error: Can't find profile directory.
console.error: SearchCache: "_readCacheFile: Error reading cache file:" (new Error("", "(unknown module)"))
1599001628369	Marionette	INFO	Listening on port 54357
1599001628555	Marionette	WARN	TLS certificate errors will be ignored for this session
1599001651284	Marionette	INFO	Stopped listening on port 54357

###!!! [Child][RunMessage] Error: Channel closing: too late to send/recv, messages will be lost


###!!! [Child][MessageChannel::SendAndWait] Error: Channel error: cannot send/recv

1599002147647	geckodriver	INFO	Listening on 127.0.0.1:54555
1599002150738	mozrunner::runner	INFO	Running command: "C:\\Program Files\\Mozilla Firefox\\firefox.exe" "--marionette" "-foreground" "-no-remote" "-profile" "C:\\Users\\simon\\AppData\\Local\\Temp\\rust_mozprofilenteFk5"
JavaScript error: resource://gre/modules/XULStore.jsm, line 66: Error: Can't find profile directory.
console.error: SearchCache: "_readCacheFile: Error reading cache file:" (new Error("", "(unknown module)"))
1599002154146	Marionette	INFO	Listening on port 54563
1599002154403	Marionette	WARN	TLS certificate errors will be ignored for this session
JavaScript error: https://tpc.googlesyndication.com/sadbundle/$csp%3Der3$/11042496079957533846/970x250/psd-bank_970x250.html#t=4823543217887687672&p=https%3A%2F%2F1a83580e956eef69af9b9013384be21b.safeframe.googlesyndication.com, line 1: ReferenceError: init is not defined
1599002168500	Marionette	INFO	Stopped listening on port 54563

###!!! [Child][RunMessage] Error: Channel closing: too late to send/recv, messages will be lost


###!!! [Child][RunMessage] Error: Channel closing: too late to send/recv, messages will be lost


###!!! [Child][MessageChannel::SendAndWait] Error: Channel error: cannot send/recv

1599002429257	geckodriver	INFO	Listening on 127.0.0.1:54718
1599002432313	mozrunner::runner	INFO	Running command: "C:\\Program Files\\Mozilla Firefox\\firefox.exe" "--marionette" "-foreground" "-no-remote" "-profile" "C:\\Users\\simon\\AppData\\Local\\Temp\\rust_mozprofiledCFQly"
JavaScript error: resource://gre/modules/XULStore.jsm, line 66: Error: Can't find profile directory.
console.error: SearchCache: "_readCacheFile: Error reading cache file:" (new Error("", "(unknown module)"))
1599002435740	Marionette	INFO	Listening on port 54726
1599002435962	Marionette	WARN	TLS certificate errors will be ignored for this session
1599002448172	Marionette	INFO	Stopped listening on port 54726

###!!! [Child][RunMessage] Error: Channel closing: too late to send/recv, messages will be lost


###!!! [Child][MessageChannel::SendAndWait] Error: Channel error: cannot send/recv

1599002474120	geckodriver	INFO	Listening on 127.0.0.1:54865
1599002477230	mozrunner::runner	INFO	Running command: "C:\\Program Files\\Mozilla Firefox\\firefox.exe" "--marionette" "-foreground" "-no-remote" "-profile" "C:\\Users\\simon\\AppData\\Local\\Temp\\rust_mozprofileUk4WLG"
JavaScript error: resource://gre/modules/XULStore.jsm, line 66: Error: Can't find profile directory.
console.error: SearchCache: "_readCacheFile: Error reading cache file:" (new Error("", "(unknown module)"))
1599002480529	Marionette	INFO	Listening on port 54873
1599002480909	Marionette	WARN	TLS certificate errors will be ignored for this session
1599002498273	Marionette	INFO	Stopped listening on port 54873

###!!! [Child][RunMessage] Error: Channel closing: too late to send/recv, messages will be lost


###!!! [Child][MessageChannel::SendAndWait] Error: Channel error: cannot send/recv

1599002999501	geckodriver	INFO	Listening on 127.0.0.1:55081
1599003002605	mozrunner::runner	INFO	Running command: "C:\\Program Files\\Mozilla Firefox\\firefox.exe" "--marionette" "-foreground" "-no-remote" "-profile" "C:\\Users\\simon\\AppData\\Local\\Temp\\rust_mozprofile4qU9kV"
JavaScript error: resource://gre/modules/XULStore.jsm, line 66: Error: Can't find profile directory.
console.error: SearchCache: "_readCacheFile: Error reading cache file:" (new Error("", "(unknown module)"))
1599003006429	Marionette	INFO	Listening on port 55089
1599003006769	Marionette	WARN	TLS certificate errors will be ignored for this session
SourceActor threw an exception: [Exception... "Component returned failure code: 0x80470002 (NS_BASE_STREAM_CLOSED) [nsIInputStream.available]"  nsresult: "0x80470002 (NS_BASE_STREAM_CLOSED)"  location: "JS frame :: resource://devtools/shared/DevToolsUtils.js :: onResponse :: line 560"  data: no]
Stack: onResponse@resource://devtools/shared/DevToolsUtils.js:560:34
onStopRequest@resource://gre/modules/NetUtil.jsm:128:18
Line: 560, column: 0
console.error: ({})
JavaScript error: resource://devtools/shared/DevToolsUtils.js, line 560: NS_BASE_STREAM_CLOSED: Component returned failure code: 0x80470002 (NS_BASE_STREAM_CLOSED) [nsIInputStream.available]
1599003188211	Marionette	INFO	Stopped listening on port 55089

###!!! [Child][RunMessage] Error: Channel closing: too late to send/recv, messages will be lost


###!!! [Child][MessageChannel::SendAndWait] Error: Channel error: cannot send/recv

Temp\\rust_mozprofilespjSPb"
JavaScript error: resource://gre/modules/XULStore.jsm, line 66: Error: Can't find profile directory.
console.error: SearchCache: "_readCacheFile: Error reading cache file:" (new Error("", "(unknown module)"))
1599003157897	Marionette	INFO	Listening on port 60108
1599003158053	Marionette	WARN	TLS certificate errors will be ignored for this session
1599003185904	Marionette	INFO	Stopped listening on port 60108

###!!! [Child][RunMessage] Error: Channel closing: too late to send/recv, messages will be lost


###!!! [Child][MessageChannel::SendAndWait] Error: Channel error: cannot send/recv

1599003234979	geckodriver	INFO	Listening on 127.0.0.1:60247
1599003238058	mozrunner::runner	INFO	Running command: "C:\\Program Files\\Mozilla Firefox\\firefox.exe" "--marionette" "-foreground" "-no-remote" "-profile" "C:\\Users\\simon\\AppData\\Local\\Temp\\rust_mozprofilerjPvCG"
JavaScript error: resource://gre/modules/XULStore.jsm, line 66: Error: Can't find profile directory.
console.error: SearchCache: "_readCacheFile: Error reading cache file:" (new Error("", "(unknown module)"))
1599003241375	Marionette	INFO	Listening on port 60255
1599003241720	Marionette	WARN	TLS certificate errors will be ignored for this session
1599003262753	Marionette	INFO	Stopped listening on port 60255
JavaScript error: , line 0: uncaught exception: undefined

###!!! [Child][RunMessage] Error: Channel closing: too late to send/recv, messages will be lost


###!!! [Child][RunMessage] Error: Channel closing: too late to send/recv, messages will be lost


###!!! [Child][RunMessage] Error: Channel closing: too late to send/recv, messages will be lost


###!!! [Child][MessageChannel::SendAndWait] Error: Channel error: cannot send/recv

1599003266386	geckodriver	INFO	Listening on 127.0.0.1:60427
1599003269443	mozrunner::runner	INFO	Running command: "C:\\Program Files\\Mozilla Firefox\\firefox.exe" "--marionette" "-foreground" "-no-remote" "-profile" "C:\\Users\\simon\\AppData\\Local\\Temp\\rust_mozprofilePUdKuY"
JavaScript error: resource://gre/modules/XULStore.jsm, line 66: Error: Can't find profile directory.
console.error: SearchCache: "_readCacheFile: Error reading cache file:" (new Error("", "(unknown module)"))
1599003273039	Marionette	INFO	Listening on port 60435
1599003273142	Marionette	WARN	TLS certificate errors will be ignored for this session
1599003292347	Marionette	INFO	Stopped listening on port 60435
JavaScript error: , line 0: uncaught exception: undefined

###!!! [Child][RunMessage] Error: Channel closing: too late to send/recv, messages will be lost


###!!! [Child][MessageChannel::SendAndWait] Error: Channel error: cannot send/recv

1599004713598	geckodriver	INFO	Listening on 127.0.0.1:60815
1599004716659	mozrunner::runner	INFO	Running command: "C:\\Program Files\\Mozilla Firefox\\firefox.exe" "--marionette" "-foreground" "-no-remote" "-profile" "C:\\Users\\simon\\AppData\\Local\\Temp\\rust_mozprofile6XJ2Ry"
JavaScript error: resource://gre/modules/XULStore.jsm, line 66: Error: Can't find profile directory.
console.error: SearchCache: "_readCacheFile: Error reading cache file:" (new Error("", "(unknown module)"))
1599004720249	Marionette	INFO	Listening on port 60823
1599004720324	Marionette	WARN	TLS certificate errors will be ignored for this session
1599004770853	Marionette	INFO	Stopped listening on port 60823

###!!! [Child][RunMessage] Error: Channel closing: too late to send/recv, messages will be lost


###!!! [Child][MessageChannel::SendAndWait] Error: Channel error: cannot send/recv

1599004950181	geckodriver	INFO	Listening on 127.0.0.1:61052
1599004953265	mozrunner::runner	INFO	Running command: "C:\\Program Files\\Mozilla Firefox\\firefox.exe" "--marionette" "-foreground" "-no-remote" "-profile" "C:\\Users\\simon\\AppData\\Local\\Temp\\rust_mozprofileGRxo81"
JavaScript error: resource://gre/modules/XULStore.jsm, line 66: Error: Can't find profile directory.
console.error: SearchCache: "_readCacheFile: Error reading cache file:" (new Error("", "(unknown module)"))
1599004956644	Marionette	INFO	Listening on port 61060
1599004956942	Marionette	WARN	TLS certificate errors will be ignored for this session
1599004976771	Marionette	INFO	Stopped listening on port 61060

###!!! [Child][MessageChannel] Error: (msgtype=0x6A0029,name=PNecko::Msg_RemoveRequestContext) Channel closing: too late to send/recv, messages will be lost


###!!! [Child][RunMessage] Error: Channel closing: too late to send/recv, messages will be lost


###!!! [Child][MessageChannel::SendAndWait] Error: Channel error: cannot send/recv

1599005692834	geckodriver	INFO	Listening on 127.0.0.1:61319
1599005695907	mozrunner::runner	INFO	Running command: "C:\\Program Files\\Mozilla Firefox\\firefox.exe" "--marionette" "-foreground" "-no-remote" "-profile" "C:\\Users\\simon\\AppData\\Local\\Temp\\rust_mozprofileW6NIK6"
JavaScript error: resource://gre/modules/XULStore.jsm, line 66: Error: Can't find profile directory.
console.error: SearchCache: "_readCacheFile: Error reading cache file:" (new Error("", "(unknown module)"))
1599005699420	Marionette	INFO	Listening on port 61327
1599005699591	Marionette	WARN	TLS certificate errors will be ignored for this session
1599005718096	Marionette	INFO	Stopped listening on port 61327

###!!! [Child][RunMessage] Error: Channel closing: too late to send/recv, messages will be lost


###!!! [Child][MessageChannel::SendAndWait] Error: Channel error: cannot send/recv

1599005992326	geckodriver	INFO	Listening on 127.0.0.1:61566
1599005995397	mozrunner::runner	INFO	Running command: "C:\\Program Files\\Mozilla Firefox\\firefox.exe" "--marionette" "-foreground" "-no-remote" "-profile" "C:\\Users\\simon\\AppData\\Local\\Temp\\rust_mozprofilexqCvEq"
JavaScript error: resource://gre/modules/XULStore.jsm, line 66: Error: Can't find profile directory.
console.error: SearchCache: "_readCacheFile: Error reading cache file:" (new Error("", "(unknown module)"))
1599005998892	Marionette	INFO	Listening on port 61574
1599005999071	Marionette	WARN	TLS certificate errors will be ignored for this session
1599006016368	Marionette	INFO	Stopped listening on port 61574

###!!! [Child][RunMessage] Error: Channel closing: too late to send/recv, messages will be lost


###!!! [Child][MessageChannel::SendAndWait] Error: Channel error: cannot send/recv

1599006129257	geckodriver	INFO	Listening on 127.0.0.1:61779
1599006132332	mozrunner::runner	INFO	Running command: "C:\\Program Files\\Mozilla Firefox\\firefox.exe" "--marionette" "-foreground" "-no-remote" "-profile" "C:\\Users\\simon\\AppData\\Local\\Temp\\rust_mozprofilehSde19"
JavaScript error: resource://gre/modules/XULStore.jsm, line 66: Error: Can't find profile directory.
console.error: SearchCache: "_readCacheFile: Error reading cache file:" (new Error("", "(unknown module)"))
1599006136015	Marionette	INFO	Listening on port 61787
1599006136511	Marionette	WARN	TLS certificate errors will be ignored for this session
1599006154867	Marionette	INFO	Stopped listening on port 61787

###!!! [Child][RunMessage] Error: Channel closing: too late to send/recv, messages will be lost


###!!! [Child][MessageChannel::SendAndWait] Error: Channel error: cannot send/recv

1599006169446	geckodriver	INFO	Listening on 127.0.0.1:61971
1599006172517	mozrunner::runner	INFO	Running command: "C:\\Program Files\\Mozilla Firefox\\firefox.exe" "--marionette" "-foreground" "-no-remote" "-profile" "C:\\Users\\simon\\AppData\\Local\\Temp\\rust_mozprofileYVp8a4"
JavaScript error: resource://gre/modules/XULStore.jsm, line 66: Error: Can't find profile directory.
console.error: SearchCache: "_readCacheFile: Error reading cache file:" (new Error("", "(unknown module)"))
1599006176155	Marionette	INFO	Listening on port 61979
1599006176194	Marionette	WARN	TLS certificate errors will be ignored for this session
1599006193744	Marionette	INFO	Stopped listening on port 61979

###!!! [Child][RunMessage] Error: Channel closing: too late to send/recv, messages will be lost


###!!! [Child][MessageChannel::SendAndWait] Error: Channel error: cannot send/recv

1599006403656	geckodriver	INFO	Listening on 127.0.0.1:62187
1599006406728	mozrunner::runner	INFO	Running command: "C:\\Program Files\\Mozilla Firefox\\firefox.exe" "--marionette" "-foreground" "-no-remote" "-profile" "C:\\Users\\simon\\AppData\\Local\\Temp\\rust_mozprofileYgLnUa"
JavaScript error: resource://gre/modules/XULStore.jsm, line 66: Error: Can't find profile directory.
console.error: SearchCache: "_readCacheFile: Error reading cache file:" (new Error("", "(unknown module)"))
1599006410368	Marionette	INFO	Listening on port 62195
1599006410383	Marionette	WARN	TLS certificate errors will be ignored for this session
1599006434563	Marionette	INFO	Stopped listening on port 62195

###!!! [Child][RunMessage] Error: Channel closing: too late to send/recv, messages will be lost


###!!! [Child][MessageChannel::SendAndWait] Error: Channel error: cannot send/recv

1599046673420	geckodriver	INFO	Listening on 127.0.0.1:62814
1599046676494	mozrunner::runner	INFO	Running command: "C:\\Program Files\\Mozilla Firefox\\firefox.exe" "--marionette" "-foreground" "-no-remote" "-profile" "C:\\Users\\simon\\AppData\\Local\\Temp\\rust_mozprofiledBbmzv"
JavaScript error: resource://gre/modules/XULStore.jsm, line 66: Error: Can't find profile directory.
console.error: SearchCache: "_readCacheFile: Error reading cache file:" (new Error("", "(unknown module)"))
1599046683917	Marionette	INFO	Listening on port 62822
1599046683963	Marionette	WARN	TLS certificate errors will be ignored for this session
1599046688384	Marionette	INFO	Stopped listening on port 62822

###!!! [Child][RunMessage] Error: Channel closing: too late to send/recv, messages will be lost


###!!! [Child][MessageChannel::SendAndWait] Error: Channel error: cannot send/recv

1599046698220	geckodriver	INFO	Listening on 127.0.0.1:62970
1599046701275	mozrunner::runner	INFO	Running command: "C:\\Program Files\\Mozilla Firefox\\firefox.exe" "--marionette" "-foreground" "-no-remote" "-profile" "C:\\Users\\simon\\AppData\\Local\\Temp\\rust_mozprofileCP8gQe"
JavaScript error: resource://gre/modules/XULStore.jsm, line 66: Error: Can't find profile directory.
console.error: SearchCache: "_readCacheFile: Error reading cache file:" (new Error("", "(unknown module)"))
1599046704860	Marionette	INFO	Listening on port 62979
1599046704962	Marionette	WARN	TLS certificate errors will be ignored for this session
1599046734661	Marionette	INFO	Stopped listening on port 62979

###!!! [Child][RunMessage] Error: Channel closing: too late to send/recv, messages will be lost


###!!! [Child][MessageChannel::SendAndWait] Error: Channel error: cannot send/recv

1599132032550	geckodriver	INFO	Listening on 127.0.0.1:60038
1599132035645	mozrunner::runner	INFO	Running command: "C:\\Program Files\\Mozilla Firefox\\firefox.exe" "--marionette" "-foreground" "-no-remote" "-profile" "C:\\Users\\simon\\AppData\\Local\\Temp\\rust_mozprofileIc7xQm"
JavaScript error: resource://gre/modules/XULStore.jsm, line 66: Error: Can't find profile directory.
console.error: SearchCache: "_readCacheFile: Error reading cache file:" (new Error("", "(unknown module)"))
1599132044145	Marionette	INFO	Listening on port 60052
1599132044914	Marionette	WARN	TLS certificate errors will be ignored for this session
1599132050136	Marionette	INFO	Stopped listening on port 60052
[Child 17352, Chrome_ChildThread] WARNING: pipe error: 232: file /builds/worker/checkouts/gecko/ipc/chromium/src/chrome/common/ipc_channel_win.cc, line 545
[Child 17352, Chrome_ChildThread] WARNING: pipe error: 232: file /builds/worker/checkouts/gecko/ipc/chromium/src/chrome/common/ipc_channel_win.cc, line 545
[Child 17352, Chrome_ChildThread] WARNING: pipe error: 232: file /builds/worker/checkouts/gecko/ipc/chromium/src/chrome/common/ipc_channel_win.cc, line 545

###!!! [Child][MessageChannel::SendAndWait] Error: Channel error: cannot send/recv

1599132110896	geckodriver	INFO	Listening on 127.0.0.1:61352
1599132114310	mozrunner::runner	INFO	Running command: "C:\\Program Files\\Mozilla Firefox\\firefox.exe" "--marionette" "-foreground" "-no-remote" "-profile" "C:\\Users\\simon\\AppData\\Local\\Temp\\rust_mozprofileoI5Zrr"
JavaScript error: resource://gre/modules/XULStore.jsm, line 66: Error: Can't find profile directory.
console.error: SearchCache: "_readCacheFile: Error reading cache file:" (new Error("", "(unknown module)"))
1599132120351	Marionette	INFO	Listening on port 61360
1599132120815	Marionette	WARN	TLS certificate errors will be ignored for this session
1599132148346	Marionette	INFO	Stopped listening on port 61360

###!!! [Child][RunMessage] Error: Channel closing: too late to send/recv, messages will be lost


###!!! [Child][RunMessage] Error: Channel closing: too late to send/recv, messages will be lost


###!!! [Child][RunMessage] Error: Channel closing: too late to send/recv, messages will be lost


###!!! [Child][RunMessage] Error: Channel closing: too late to send/recv, messages will be lost


###!!! [Child][MessageChannel::SendAndWait] Error: Channel error: cannot send/recv

1599166652712	geckodriver	INFO	Listening on 127.0.0.1:57561
1599166655793	mozrunner::runner	INFO	Running command: "C:\\Program Files\\Mozilla Firefox\\firefox.exe" "--marionette" "-foreground" "-no-remote" "-profile" "C:\\Users\\simon\\AppData\\Local\\Temp\\rust_mozprofileCpz6wK"
JavaScript error: resource://gre/modules/XULStore.jsm, line 66: Error: Can't find profile directory.
console.error: SearchCache: "_readCacheFile: Error reading cache file:" (new Error("", "(unknown module)"))
1599166660059	Marionette	INFO	Listening on port 57570
1599166660095	Marionette	WARN	TLS certificate errors will be ignored for this session
1599166681749	Marionette	INFO	Stopped listening on port 57570

###!!! [Child][RunMessage] Error: Channel closing: too late to send/recv, messages will be lost


###!!! [Child][RunMessage] Error: Channel closing: too late to send/recv, messages will be lost


###!!! [Child][RunMessage] Error: Channel closing: too late to send/recv, messages will be lost


###!!! [Child][MessageChannel::SendAndWait] Error: Channel error: cannot send/recv

1599223160908	geckodriver	INFO	Listening on 127.0.0.1:51380
1599223163980	mozrunner::runner	INFO	Running command: "C:\\Program Files\\Mozilla Firefox\\firefox.exe" "--marionette" "-foreground" "-no-remote" "-profile" "C:\\Users\\simon\\AppData\\Local\\Temp\\rust_mozprofilepOgOR7"
1599223311643	geckodriver	INFO	Listening on 127.0.0.1:51443
1599223314709	mozrunner::runner	INFO	Running command: "C:\\Program Files\\Mozilla Firefox\\firefox.exe" "--marionette" "-foreground" "-no-remote" "-profile" "C:\\Users\\simon\\AppData\\Local\\Temp\\rust_mozprofileyTEGWh"
JavaScript error: resource://gre/modules/XULStore.jsm, line 66: Error: Can't find profile directory.
console.error: SearchCache: "_readCacheFile: Error reading cache file:" (new Error("", "(unknown module)"))
1599223318119	Marionette	INFO	Listening on port 51452
1599223318363	Marionette	WARN	TLS certificate errors will be ignored for this session
1599223671476	Marionette	INFO	Stopped listening on port 51452

###!!! [Child][RunMessage] Error: Channel closing: too late to send/recv, messages will be lost


###!!! [Child][MessageChannel::SendAndWait] Error: Channel error: cannot send/recv

Temp\\rust_mozprofileCpR7hO"
JavaScript error: resource://gre/modules/XULStore.jsm, line 66: Error: Can't find profile directory.
console.error: SearchCache: "_readCacheFile: Error reading cache file:" (new Error("", "(unknown module)"))
1599223673072	Marionette	INFO	Listening on port 65511
1599223673254	Marionette	WARN	TLS certificate errors will be ignored for this session
1599223716917	Marionette	INFO	Stopped listening on port 65511

###!!! [Child][RunMessage] Error: Channel closing: too late to send/recv, messages will be lost


###!!! [Child][MessageChannel::SendAndWait] Error: Channel error: cannot send/recv

1599226009400	geckodriver	INFO	Listening on 127.0.0.1:57863
1599226012484	mozrunner::runner	INFO	Running command: "C:\\Program Files\\Mozilla Firefox\\firefox.exe" "--marionette" "-headless" "-foreground" "-no-remote" "-profile" "C:\\Users\\simon\\AppData\\Local\\Temp\\rust_mozprofilehDJe3c"
*** You are running in headless mode.
JavaScript error: resource://gre/modules/XULStore.jsm, line 66: Error: Can't find profile directory.
console.error: SearchCache: "_readCacheFile: Error reading cache file:" (new Error("", "(unknown module)"))
1599226014865	Marionette	INFO	Listening on port 57871
1599226015146	Marionette	WARN	TLS certificate errors will be ignored for this session
JavaScript warning: https://pagead2.googlesyndication.com/bg/w3uW36kZ3iEz52fjwmSMTfWAeiBMgQCjgDc5TerGjFY.js line 1 > eval line 4016 > eval, line 1: WebGL warning: <Create>: Can't use WebGL in headless mode (https://bugzil.la/1375585).
JavaScript warning: https://pagead2.googlesyndication.com/bg/w3uW36kZ3iEz52fjwmSMTfWAeiBMgQCjgDc5TerGjFY.js line 1 > eval line 4016 > eval, line 1: Failed to create WebGL context: WebGL creation failed: 
* Can't use WebGL in headless mode (https://bugzil.la/1375585).
JavaScript warning: https://pagead2.googlesyndication.com/bg/w3uW36kZ3iEz52fjwmSMTfWAeiBMgQCjgDc5TerGjFY.js line 1 > eval line 2650 > eval, line 1: WebGL warning: <Create>: Can't use WebGL in headless mode (https://bugzil.la/1375585).
JavaScript warning: https://pagead2.googlesyndication.com/bg/w3uW36kZ3iEz52fjwmSMTfWAeiBMgQCjgDc5TerGjFY.js line 1 > eval line 2650 > eval, line 1: Failed to create WebGL context: WebGL creation failed: 
* Can't use WebGL in headless mode (https://bugzil.la/1375585).
1599226045020	Marionette	INFO	Stopped listening on port 57871
1599228570949	geckodriver	INFO	Listening on 127.0.0.1:59805
1599228574015	mozrunner::runner	INFO	Running command: "C:\\Program Files\\Mozilla Firefox\\firefox.exe" "--marionette" "-headless" "-foreground" "-no-remote" "-profile" "C:\\Users\\simon\\AppData\\Local\\Temp\\rust_mozprofileW0rVBh"
*** You are running in headless mode.
JavaScript error: resource://gre/modules/XULStore.jsm, line 66: Error: Can't find profile directory.
console.error: SearchCache: "_readCacheFile: Error reading cache file:" (new Error("", "(unknown module)"))
1599228576451	Marionette	INFO	Listening on port 59815
1599228576680	Marionette	WARN	TLS certificate errors will be ignored for this session
JavaScript warning: https://pagead2.googlesyndication.com/bg/w3uW36kZ3iEz52fjwmSMTfWAeiBMgQCjgDc5TerGjFY.js line 1 > eval line 3549 > eval line 1 > eval, line 1: WebGL warning: <Create>: Can't use WebGL in headless mode (https://bugzil.la/1375585).
JavaScript warning: https://pagead2.googlesyndication.com/bg/w3uW36kZ3iEz52fjwmSMTfWAeiBMgQCjgDc5TerGjFY.js line 1 > eval line 3549 > eval line 1 > eval, line 1: Failed to create WebGL context: WebGL creation failed: 
* Can't use WebGL in headless mode (https://bugzil.la/1375585).
JavaScript warning: https://pagead2.googlesyndication.com/bg/w3uW36kZ3iEz52fjwmSMTfWAeiBMgQCjgDc5TerGjFY.js line 1 > eval line 3900 > eval, line 1: WebGL warning: <Create>: Can't use WebGL in headless mode (https://bugzil.la/1375585).
JavaScript warning: https://pagead2.googlesyndication.com/bg/w3uW36kZ3iEz52fjwmSMTfWAeiBMgQCjgDc5TerGjFY.js line 1 > eval line 3900 > eval, line 1: Failed to create WebGL context: WebGL creation failed: 
* Can't use WebGL in headless mode (https://bugzil.la/1375585).
JavaScript warning: https://pagead2.googlesyndication.com/bg/w3uW36kZ3iEz52fjwmSMTfWAeiBMgQCjgDc5TerGjFY.js line 1 > eval line 128 > eval, line 1: WebGL warning: <Create>: Can't use WebGL in headless mode (https://bugzil.la/1375585).
JavaScript warning: https://pagead2.googlesyndication.com/bg/w3uW36kZ3iEz52fjwmSMTfWAeiBMgQCjgDc5TerGjFY.js line 1 > eval line 128 > eval, line 1: Failed to create WebGL context: WebGL creation failed: 
* Can't use WebGL in headless mode (https://bugzil.la/1375585).
1599228606213	Marionette	INFO	Stopped listening on port 59815
1599228891943	geckodriver	INFO	Listening on 127.0.0.1:62181
1599228895020	mozrunner::runner	INFO	Running command: "C:\\Program Files\\Mozilla Firefox\\firefox.exe" "--marionette" "-headless" "-foreground" "-no-remote" "-profile" "C:\\Users\\simon\\AppData\\Local\\Temp\\rust_mozprofile5X2PWQ"
*** You are running in headless mode.
JavaScript error: resource://gre/modules/XULStore.jsm, line 66: Error: Can't find profile directory.
console.error: SearchCache: "_readCacheFile: Error reading cache file:" (new Error("", "(unknown module)"))
1599228897303	Marionette	INFO	Listening on port 62189
1599228897704	Marionette	WARN	TLS certificate errors will be ignored for this session
JavaScript warning: https://pagead2.googlesyndication.com/bg/w3uW36kZ3iEz52fjwmSMTfWAeiBMgQCjgDc5TerGjFY.js line 1 > eval line 5934 > eval line 1 > eval, line 1: WebGL warning: <Create>: Can't use WebGL in headless mode (https://bugzil.la/1375585).
JavaScript warning: https://pagead2.googlesyndication.com/bg/w3uW36kZ3iEz52fjwmSMTfWAeiBMgQCjgDc5TerGjFY.js line 1 > eval line 5934 > eval line 1 > eval, line 1: Failed to create WebGL context: WebGL creation failed: 
* Can't use WebGL in headless mode (https://bugzil.la/1375585).
JavaScript warning: https://pagead2.googlesyndication.com/bg/w3uW36kZ3iEz52fjwmSMTfWAeiBMgQCjgDc5TerGjFY.js line 1 > eval line 852 > eval, line 1: WebGL warning: <Create>: Can't use WebGL in headless mode (https://bugzil.la/1375585).
JavaScript warning: https://pagead2.googlesyndication.com/bg/w3uW36kZ3iEz52fjwmSMTfWAeiBMgQCjgDc5TerGjFY.js line 1 > eval line 852 > eval, line 1: Failed to create WebGL context: WebGL creation failed: 
* Can't use WebGL in headless mode (https://bugzil.la/1375585).
1599228929995	Marionette	INFO	Stopped listening on port 62189

###!!! [Child][RunMessage] Error: Channel closing: too late to send/recv, messages will be lost

1599229738158	geckodriver	INFO	Listening on 127.0.0.1:55673
1599229741212	mozrunner::runner	INFO	Running command: "C:\\Program Files\\Mozilla Firefox\\firefox.exe" "--marionette" "-headless" "-foreground" "-no-remote" "-profile" "C:\\Users\\simon\\AppData\\Local\\Temp\\rust_mozprofilesnRQNq"
*** You are running in headless mode.
JavaScript error: resource://gre/modules/XULStore.jsm, line 66: Error: Can't find profile directory.
console.error: SearchCache: "_readCacheFile: Error reading cache file:" (new Error("", "(unknown module)"))
1599229743723	Marionette	INFO	Listening on port 55682
1599229743868	Marionette	WARN	TLS certificate errors will be ignored for this session
JavaScript warning: https://pagead2.googlesyndication.com/bg/w3uW36kZ3iEz52fjwmSMTfWAeiBMgQCjgDc5TerGjFY.js line 1 > eval line 3555 > eval, line 1: WebGL warning: <Create>: Can't use WebGL in headless mode (https://bugzil.la/1375585).
JavaScript warning: https://pagead2.googlesyndication.com/bg/w3uW36kZ3iEz52fjwmSMTfWAeiBMgQCjgDc5TerGjFY.js line 1 > eval line 3555 > eval, line 1: Failed to create WebGL context: WebGL creation failed: 
* Can't use WebGL in headless mode (https://bugzil.la/1375585).
JavaScript warning: https://pagead2.googlesyndication.com/bg/w3uW36kZ3iEz52fjwmSMTfWAeiBMgQCjgDc5TerGjFY.js line 1 > eval line 5949 > eval line 1 > eval, line 1: WebGL warning: <Create>: Can't use WebGL in headless mode (https://bugzil.la/1375585).
JavaScript warning: https://pagead2.googlesyndication.com/bg/w3uW36kZ3iEz52fjwmSMTfWAeiBMgQCjgDc5TerGjFY.js line 1 > eval line 5949 > eval line 1 > eval, line 1: Failed to create WebGL context: WebGL creation failed: 
* Can't use WebGL in headless mode (https://bugzil.la/1375585).
1599229772665	Marionette	INFO	Stopped listening on port 55682
1599230334505	geckodriver	INFO	Listening on 127.0.0.1:56490
1599230337564	mozrunner::runner	INFO	Running command: "C:\\Program Files\\Mozilla Firefox\\firefox.exe" "--marionette" "-headless" "-foreground" "-no-remote" "-profile" "C:\\Users\\simon\\AppData\\Local\\Temp\\rust_mozprofilenyMVDp"
*** You are running in headless mode.
JavaScript error: resource://gre/modules/XULStore.jsm, line 66: Error: Can't find profile directory.
console.error: SearchCache: "_readCacheFile: Error reading cache file:" (new Error("", "(unknown module)"))
1599230339829	Marionette	INFO	Listening on port 56500
1599230340222	Marionette	WARN	TLS certificate errors will be ignored for this session
JavaScript warning: https://pagead2.googlesyndication.com/bg/w3uW36kZ3iEz52fjwmSMTfWAeiBMgQCjgDc5TerGjFY.js line 1 > eval line 7225 > eval line 1 > eval, line 1: WebGL warning: <Create>: Can't use WebGL in headless mode (https://bugzil.la/1375585).
JavaScript warning: https://pagead2.googlesyndication.com/bg/w3uW36kZ3iEz52fjwmSMTfWAeiBMgQCjgDc5TerGjFY.js line 1 > eval line 7225 > eval line 1 > eval, line 1: Failed to create WebGL context: WebGL creation failed: 
* Can't use WebGL in headless mode (https://bugzil.la/1375585).
JavaScript warning: https://pagead2.googlesyndication.com/bg/w3uW36kZ3iEz52fjwmSMTfWAeiBMgQCjgDc5TerGjFY.js line 1 > eval line 6461 > eval, line 1: WebGL warning: <Create>: Can't use WebGL in headless mode (https://bugzil.la/1375585).
JavaScript warning: https://pagead2.googlesyndication.com/bg/w3uW36kZ3iEz52fjwmSMTfWAeiBMgQCjgDc5TerGjFY.js line 1 > eval line 6461 > eval, line 1: Failed to create WebGL context: WebGL creation failed: 
* Can't use WebGL in headless mode (https://bugzil.la/1375585).
JavaScript error: , line 0: NS_ERROR_NOT_AVAILABLE
JavaScript error: , line 0: NS_ERROR_NOT_AVAILABLE
JavaScript error: , line 0: NS_ERROR_NOT_AVAILABLE
Exiting due to channel error.
Exiting due to channel error.
"-profile" "C:\\Users\\simon\\AppData\\Local\\Temp\\rust_mozprofile7vnCIu"
*** You are running in headless mode.
JavaScript error: resource://gre/modules/XULStore.jsm, line 66: Error: Can't find profile directory.
console.error: SearchCache: "_readCacheFile: Error reading cache file:" (new Error("", "(unknown module)"))
1599231753619	Marionette	INFO	Listening on port 57636
1599231753664	Marionette	WARN	TLS certificate errors will be ignored for this session
JavaScript warning: https://pagead2.googlesyndication.com/bg/w3uW36kZ3iEz52fjwmSMTfWAeiBMgQCjgDc5TerGjFY.js line 1 > eval line 4219 > eval line 1 > eval, line 1: WebGL warning: <Create>: Can't use WebGL in headless mode (https://bugzil.la/1375585).
JavaScript warning: https://pagead2.googlesyndication.com/bg/w3uW36kZ3iEz52fjwmSMTfWAeiBMgQCjgDc5TerGjFY.js line 1 > eval line 4219 > eval line 1 > eval, line 1: Failed to create WebGL context: WebGL creation failed: 
* Can't use WebGL in headless mode (https://bugzil.la/1375585).
JavaScript warning: https://pagead2.googlesyndication.com/bg/w3uW36kZ3iEz52fjwmSMTfWAeiBMgQCjgDc5TerGjFY.js line 1 > eval line 3576 > eval line 1 > eval, line 1: WebGL warning: <Create>: Can't use WebGL in headless mode (https://bugzil.la/1375585).
JavaScript warning: https://pagead2.googlesyndication.com/bg/w3uW36kZ3iEz52fjwmSMTfWAeiBMgQCjgDc5TerGjFY.js line 1 > eval line 3576 > eval line 1 > eval, line 1: Failed to create WebGL context: WebGL creation failed: 
* Can't use WebGL in headless mode (https://bugzil.la/1375585).
JavaScript error: , line 0: NS_ERROR_NOT_AVAILABLE
JavaScript error: , line 0: NS_ERROR_NOT_AVAILABLE
JavaScript error: , line 0: NS_ERROR_NOT_AVAILABLE
JavaScript error: , line 0: uncaught exception: Object
Exiting due to channel error.
Exiting due to channel error.
_mozprofileJfmVOW"
*** You are running in headless mode.
JavaScript error: resource://gre/modules/XULStore.jsm, line 66: Error: Can't find profile directory.
console.error: SearchCache: "_readCacheFile: Error reading cache file:" (new Error("", "(unknown module)"))
1599232002102	Marionette	INFO	Listening on port 57991
1599232002418	Marionette	WARN	TLS certificate errors will be ignored for this session
JavaScript warning: https://pagead2.googlesyndication.com/bg/w3uW36kZ3iEz52fjwmSMTfWAeiBMgQCjgDc5TerGjFY.js line 1 > eval line 625 > eval line 1 > eval, line 1: WebGL warning: <Create>: Can't use WebGL in headless mode (https://bugzil.la/1375585).
JavaScript warning: https://pagead2.googlesyndication.com/bg/w3uW36kZ3iEz52fjwmSMTfWAeiBMgQCjgDc5TerGjFY.js line 1 > eval line 625 > eval line 1 > eval, line 1: Failed to create WebGL context: WebGL creation failed: 
* Can't use WebGL in headless mode (https://bugzil.la/1375585).
JavaScript warning: https://pagead2.googlesyndication.com/bg/w3uW36kZ3iEz52fjwmSMTfWAeiBMgQCjgDc5TerGjFY.js line 1 > eval line 3777 > eval, line 1: WebGL warning: <Create>: Can't use WebGL in headless mode (https://bugzil.la/1375585).
JavaScript warning: https://pagead2.googlesyndication.com/bg/w3uW36kZ3iEz52fjwmSMTfWAeiBMgQCjgDc5TerGjFY.js line 1 > eval line 3777 > eval, line 1: Failed to create WebGL context: WebGL creation failed: 
* Can't use WebGL in headless mode (https://bugzil.la/1375585).
JavaScript error: , line 0: NS_ERROR_NOT_AVAILABLE
JavaScript error: , line 0: NS_ERROR_NOT_AVAILABLE
JavaScript error: , line 0: NS_ERROR_NOT_AVAILABLE
Exiting due to channel error.
Exiting due to channel error.
"-profile" "C:\\Users\\simon\\AppData\\Local\\Temp\\rust_mozprofiletaFqQd"
*** You are running in headless mode.
JavaScript error: resource://gre/modules/XULStore.jsm, line 66: Error: Can't find profile directory.
console.error: SearchCache: "_readCacheFile: Error reading cache file:" (new Error("", "(unknown module)"))
1599232141415	Marionette	INFO	Listening on port 58238
1599232141708	Marionette	WARN	TLS certificate errors will be ignored for this session
JavaScript warning: https://pagead2.googlesyndication.com/bg/w3uW36kZ3iEz52fjwmSMTfWAeiBMgQCjgDc5TerGjFY.js line 1 > eval line 4986 > eval, line 1: WebGL warning: <Create>: Can't use WebGL in headless mode (https://bugzil.la/1375585).
JavaScript warning: https://pagead2.googlesyndication.com/bg/w3uW36kZ3iEz52fjwmSMTfWAeiBMgQCjgDc5TerGjFY.js line 1 > eval line 4986 > eval, line 1: Failed to create WebGL context: WebGL creation failed: 
* Can't use WebGL in headless mode (https://bugzil.la/1375585).
JavaScript warning: https://pagead2.googlesyndication.com/bg/w3uW36kZ3iEz52fjwmSMTfWAeiBMgQCjgDc5TerGjFY.js line 1 > eval line 3177 > eval line 1 > eval, line 1: WebGL warning: <Create>: Can't use WebGL in headless mode (https://bugzil.la/1375585).
JavaScript warning: https://pagead2.googlesyndication.com/bg/w3uW36kZ3iEz52fjwmSMTfWAeiBMgQCjgDc5TerGjFY.js line 1 > eval line 3177 > eval line 1 > eval, line 1: Failed to create WebGL context: WebGL creation failed: 
* Can't use WebGL in headless mode (https://bugzil.la/1375585).
JavaScript error: , line 0: NS_ERROR_NOT_AVAILABLE
JavaScript error: , line 0: NS_ERROR_NOT_AVAILABLE
JavaScript error: , line 0: NS_ERROR_NOT_AVAILABLE
JavaScript error: , line 0: uncaught exception: Object
Exiting due to channel error.
Exiting due to channel error.
_mozprofileLEmgo6"
*** You are running in headless mode.
JavaScript error: resource://gre/modules/XULStore.jsm, line 66: Error: Can't find profile directory.
console.error: SearchCache: "_readCacheFile: Error reading cache file:" (new Error("", "(unknown module)"))
1599232622368	Marionette	INFO	Listening on port 58732
1599232622585	Marionette	WARN	TLS certificate errors will be ignored for this session
JavaScript warning: https://pagead2.googlesyndication.com/bg/w3uW36kZ3iEz52fjwmSMTfWAeiBMgQCjgDc5TerGjFY.js line 1 > eval line 831 > eval line 1 > eval, line 1: WebGL warning: <Create>: Can't use WebGL in headless mode (https://bugzil.la/1375585).
JavaScript warning: https://pagead2.googlesyndication.com/bg/w3uW36kZ3iEz52fjwmSMTfWAeiBMgQCjgDc5TerGjFY.js line 1 > eval line 831 > eval line 1 > eval, line 1: Failed to create WebGL context: WebGL creation failed: 
* Can't use WebGL in headless mode (https://bugzil.la/1375585).
JavaScript warning: https://pagead2.googlesyndication.com/bg/w3uW36kZ3iEz52fjwmSMTfWAeiBMgQCjgDc5TerGjFY.js line 1 > eval line 7370 > eval, line 1: WebGL warning: <Create>: Can't use WebGL in headless mode (https://bugzil.la/1375585).
JavaScript warning: https://pagead2.googlesyndication.com/bg/w3uW36kZ3iEz52fjwmSMTfWAeiBMgQCjgDc5TerGjFY.js line 1 > eval line 7370 > eval, line 1: Failed to create WebGL context: WebGL creation failed: 
* Can't use WebGL in headless mode (https://bugzil.la/1375585).
JavaScript error: , line 0: NS_ERROR_NOT_AVAILABLE
JavaScript error: , line 0: NS_ERROR_NOT_AVAILABLE
JavaScript error: , line 0: NS_ERROR_NOT_AVAILABLE
JavaScript error: , line 0: uncaught exception: Object
mote" "-profile" "C:\\Users\\simon\\AppData\\Local\\Temp\\rust_mozprofileZuEtve"
*** You are running in headless mode.
JavaScript error: resource://gre/modules/XULStore.jsm, line 66: Error: Can't find profile directory.
console.error: SearchCache: "_readCacheFile: Error reading cache file:" (new Error("", "(unknown module)"))
1599232761835	Marionette	INFO	Listening on port 58915
1599232762022	Marionette	WARN	TLS certificate errors will be ignored for this session
JavaScript warning: https://pagead2.googlesyndication.com/bg/w3uW36kZ3iEz52fjwmSMTfWAeiBMgQCjgDc5TerGjFY.js line 1 > eval line 3674 > eval line 1 > eval, line 1: WebGL warning: <Create>: Can't use WebGL in headless mode (https://bugzil.la/1375585).
JavaScript warning: https://pagead2.googlesyndication.com/bg/w3uW36kZ3iEz52fjwmSMTfWAeiBMgQCjgDc5TerGjFY.js line 1 > eval line 3674 > eval line 1 > eval, line 1: Failed to create WebGL context: WebGL creation failed: 
* Can't use WebGL in headless mode (https://bugzil.la/1375585).
JavaScript warning: https://pagead2.googlesyndication.com/bg/w3uW36kZ3iEz52fjwmSMTfWAeiBMgQCjgDc5TerGjFY.js line 1 > eval line 7077 > eval line 1 > eval, line 1: WebGL warning: <Create>: Can't use WebGL in headless mode (https://bugzil.la/1375585).
JavaScript warning: https://pagead2.googlesyndication.com/bg/w3uW36kZ3iEz52fjwmSMTfWAeiBMgQCjgDc5TerGjFY.js line 1 > eval line 7077 > eval line 1 > eval, line 1: Failed to create WebGL context: WebGL creation failed: 
* Can't use WebGL in headless mode (https://bugzil.la/1375585).
JavaScript error: , line 0: NS_ERROR_NOT_AVAILABLE
JavaScript error: , line 0: NS_ERROR_NOT_AVAILABLE
JavaScript error: , line 0: NS_ERROR_NOT_AVAILABLE
Exiting due to channel error.
ss" "-foreground" "-no-remote" "-profile" "C:\\Users\\simon\\AppData\\Local\\Temp\\rust_mozprofilejZsWiC"
*** You are running in headless mode.
JavaScript error: resource://gre/modules/XULStore.jsm, line 66: Error: Can't find profile directory.
console.error: SearchCache: "_readCacheFile: Error reading cache file:" (new Error("", "(unknown module)"))
1599232886185	Marionette	INFO	Listening on port 59090
1599232886436	Marionette	WARN	TLS certificate errors will be ignored for this session
JavaScript warning: https://pagead2.googlesyndication.com/bg/w3uW36kZ3iEz52fjwmSMTfWAeiBMgQCjgDc5TerGjFY.js line 1 > eval line 7499 > eval, line 1: WebGL warning: <Create>: Can't use WebGL in headless mode (https://bugzil.la/1375585).
JavaScript warning: https://pagead2.googlesyndication.com/bg/w3uW36kZ3iEz52fjwmSMTfWAeiBMgQCjgDc5TerGjFY.js line 1 > eval line 7499 > eval, line 1: Failed to create WebGL context: WebGL creation failed: 
* Can't use WebGL in headless mode (https://bugzil.la/1375585).
JavaScript warning: https://pagead2.googlesyndication.com/bg/w3uW36kZ3iEz52fjwmSMTfWAeiBMgQCjgDc5TerGjFY.js line 1 > eval line 5505 > eval line 1 > eval, line 1: WebGL warning: <Create>: Can't use WebGL in headless mode (https://bugzil.la/1375585).
JavaScript warning: https://pagead2.googlesyndication.com/bg/w3uW36kZ3iEz52fjwmSMTfWAeiBMgQCjgDc5TerGjFY.js line 1 > eval line 5505 > eval line 1 > eval, line 1: Failed to create WebGL context: WebGL creation failed: 
* Can't use WebGL in headless mode (https://bugzil.la/1375585).
JavaScript error: , line 0: NS_ERROR_NOT_AVAILABLE
JavaScript error: , line 0: NS_ERROR_NOT_AVAILABLE
JavaScript error: , line 0: NS_ERROR_NOT_AVAILABLE
Exiting due to channel error.
ss" "-foreground" "-no-remote" "-profile" "C:\\Users\\simon\\AppData\\Local\\Temp\\rust_mozprofileqEJ4fh"
*** You are running in headless mode.
JavaScript error: resource://gre/modules/XULStore.jsm, line 66: Error: Can't find profile directory.
console.error: SearchCache: "_readCacheFile: Error reading cache file:" (new Error("", "(unknown module)"))
1599233007908	Marionette	INFO	Listening on port 59294
1599233008057	Marionette	WARN	TLS certificate errors will be ignored for this session
JavaScript warning: https://pagead2.googlesyndication.com/bg/w3uW36kZ3iEz52fjwmSMTfWAeiBMgQCjgDc5TerGjFY.js line 1 > eval line 7147 > eval, line 1: WebGL warning: <Create>: Can't use WebGL in headless mode (https://bugzil.la/1375585).
JavaScript warning: https://pagead2.googlesyndication.com/bg/w3uW36kZ3iEz52fjwmSMTfWAeiBMgQCjgDc5TerGjFY.js line 1 > eval line 7147 > eval, line 1: Failed to create WebGL context: WebGL creation failed: 
* Can't use WebGL in headless mode (https://bugzil.la/1375585).
JavaScript warning: https://pagead2.googlesyndication.com/bg/w3uW36kZ3iEz52fjwmSMTfWAeiBMgQCjgDc5TerGjFY.js line 1 > eval line 6060 > eval, line 1: WebGL warning: <Create>: Can't use WebGL in headless mode (https://bugzil.la/1375585).
JavaScript warning: https://pagead2.googlesyndication.com/bg/w3uW36kZ3iEz52fjwmSMTfWAeiBMgQCjgDc5TerGjFY.js line 1 > eval line 6060 > eval, line 1: Failed to create WebGL context: WebGL creation failed: 
* Can't use WebGL in headless mode (https://bugzil.la/1375585).
JavaScript error: , line 0: NS_ERROR_NOT_AVAILABLE
JavaScript error: , line 0: NS_ERROR_NOT_AVAILABLE
JavaScript error: , line 0: NS_ERROR_NOT_AVAILABLE
Exiting due to channel error.
ss" "-foreground" "-no-remote" "-profile" "C:\\Users\\simon\\AppData\\Local\\Temp\\rust_mozprofileExDIZM"
*** You are running in headless mode.
JavaScript error: resource://gre/modules/XULStore.jsm, line 66: Error: Can't find profile directory.
console.error: SearchCache: "_readCacheFile: Error reading cache file:" (new Error("", "(unknown module)"))
1599233093900	Marionette	INFO	Listening on port 59515
1599233094252	Marionette	WARN	TLS certificate errors will be ignored for this session
JavaScript warning: https://pagead2.googlesyndication.com/bg/w3uW36kZ3iEz52fjwmSMTfWAeiBMgQCjgDc5TerGjFY.js line 1 > eval line 5041 > eval line 1 > eval, line 1: WebGL warning: <Create>: Can't use WebGL in headless mode (https://bugzil.la/1375585).
JavaScript warning: https://pagead2.googlesyndication.com/bg/w3uW36kZ3iEz52fjwmSMTfWAeiBMgQCjgDc5TerGjFY.js line 1 > eval line 5041 > eval line 1 > eval, line 1: Failed to create WebGL context: WebGL creation failed: 
* Can't use WebGL in headless mode (https://bugzil.la/1375585).
JavaScript warning: https://pagead2.googlesyndication.com/bg/w3uW36kZ3iEz52fjwmSMTfWAeiBMgQCjgDc5TerGjFY.js line 1 > eval line 7503 > eval line 1 > eval, line 1: WebGL warning: <Create>: Can't use WebGL in headless mode (https://bugzil.la/1375585).
JavaScript warning: https://pagead2.googlesyndication.com/bg/w3uW36kZ3iEz52fjwmSMTfWAeiBMgQCjgDc5TerGjFY.js line 1 > eval line 7503 > eval line 1 > eval, line 1: Failed to create WebGL context: WebGL creation failed: 
* Can't use WebGL in headless mode (https://bugzil.la/1375585).
JavaScript error: , line 0: NS_ERROR_NOT_AVAILABLE
JavaScript error: , line 0: NS_ERROR_NOT_AVAILABLE
JavaScript error: , line 0: NS_ERROR_NOT_AVAILABLE
JavaScript error: , line 0: uncaught exception: Object
mote" "-profile" "C:\\Users\\simon\\AppData\\Local\\Temp\\rust_mozprofileVg1JKb"
*** You are running in headless mode.
JavaScript error: resource://gre/modules/XULStore.jsm, line 66: Error: Can't find profile directory.
console.error: SearchCache: "_readCacheFile: Error reading cache file:" (new Error("", "(unknown module)"))
1599233145670	Marionette	INFO	Listening on port 59691
1599233145753	Marionette	WARN	TLS certificate errors will be ignored for this session
JavaScript warning: https://pagead2.googlesyndication.com/bg/w3uW36kZ3iEz52fjwmSMTfWAeiBMgQCjgDc5TerGjFY.js line 1 > eval line 4069 > eval line 1 > eval, line 1: WebGL warning: <Create>: Can't use WebGL in headless mode (https://bugzil.la/1375585).
JavaScript warning: https://pagead2.googlesyndication.com/bg/w3uW36kZ3iEz52fjwmSMTfWAeiBMgQCjgDc5TerGjFY.js line 1 > eval line 4069 > eval line 1 > eval, line 1: Failed to create WebGL context: WebGL creation failed: 
* Can't use WebGL in headless mode (https://bugzil.la/1375585).
JavaScript warning: https://pagead2.googlesyndication.com/bg/w3uW36kZ3iEz52fjwmSMTfWAeiBMgQCjgDc5TerGjFY.js line 1 > eval line 6184 > eval line 1 > eval, line 1: WebGL warning: <Create>: Can't use WebGL in headless mode (https://bugzil.la/1375585).
JavaScript warning: https://pagead2.googlesyndication.com/bg/w3uW36kZ3iEz52fjwmSMTfWAeiBMgQCjgDc5TerGjFY.js line 1 > eval line 6184 > eval line 1 > eval, line 1: Failed to create WebGL context: WebGL creation failed: 
* Can't use WebGL in headless mode (https://bugzil.la/1375585).
JavaScript error: , line 0: NS_ERROR_NOT_AVAILABLE
JavaScript error: , line 0: NS_ERROR_NOT_AVAILABLE
JavaScript error: , line 0: NS_ERROR_NOT_AVAILABLE
JavaScript error: , line 0: uncaught exception: Object
Exiting due to channel error.
mon\\AppData\\Local\\Temp\\rust_mozprofiledANoao"
*** You are running in headless mode.
JavaScript error: resource://gre/modules/XULStore.jsm, line 66: Error: Can't find profile directory.
console.error: SearchCache: "_readCacheFile: Error reading cache file:" (new Error("", "(unknown module)"))
1599233256608	Marionette	INFO	Listening on port 59892
1599233256638	Marionette	WARN	TLS certificate errors will be ignored for this session
JavaScript warning: https://pagead2.googlesyndication.com/bg/w3uW36kZ3iEz52fjwmSMTfWAeiBMgQCjgDc5TerGjFY.js line 1 > eval line 4055 > eval, line 1: WebGL warning: <Create>: Can't use WebGL in headless mode (https://bugzil.la/1375585).
JavaScript warning: https://pagead2.googlesyndication.com/bg/w3uW36kZ3iEz52fjwmSMTfWAeiBMgQCjgDc5TerGjFY.js line 1 > eval line 4055 > eval, line 1: Failed to create WebGL context: WebGL creation failed: 
* Can't use WebGL in headless mode (https://bugzil.la/1375585).
JavaScript warning: https://pagead2.googlesyndication.com/bg/w3uW36kZ3iEz52fjwmSMTfWAeiBMgQCjgDc5TerGjFY.js line 1 > eval line 4586 > eval line 1 > eval, line 1: WebGL warning: <Create>: Can't use WebGL in headless mode (https://bugzil.la/1375585).
JavaScript warning: https://pagead2.googlesyndication.com/bg/w3uW36kZ3iEz52fjwmSMTfWAeiBMgQCjgDc5TerGjFY.js line 1 > eval line 4586 > eval line 1 > eval, line 1: Failed to create WebGL context: WebGL creation failed: 
* Can't use WebGL in headless mode (https://bugzil.la/1375585).
JavaScript error: , line 0: NS_ERROR_NOT_AVAILABLE
JavaScript error: , line 0: NS_ERROR_NOT_AVAILABLE
JavaScript error: , line 0: NS_ERROR_NOT_AVAILABLE
ox.exe" "--marionette" "-headless" "-foreground" "-no-remote" "-profile" "C:\\Users\\simon\\AppData\\Local\\Temp\\rust_mozprofileMtTvUj"
*** You are running in headless mode.
JavaScript error: resource://gre/modules/XULStore.jsm, line 66: Error: Can't find profile directory.
console.error: SearchCache: "_readCacheFile: Error reading cache file:" (new Error("", "(unknown module)"))
1599233343746	Marionette	INFO	Listening on port 60059
1599233343963	Marionette	WARN	TLS certificate errors will be ignored for this session
JavaScript warning: https://pagead2.googlesyndication.com/bg/w3uW36kZ3iEz52fjwmSMTfWAeiBMgQCjgDc5TerGjFY.js line 1 > eval line 5091 > eval, line 1: WebGL warning: <Create>: Can't use WebGL in headless mode (https://bugzil.la/1375585).
JavaScript warning: https://pagead2.googlesyndication.com/bg/w3uW36kZ3iEz52fjwmSMTfWAeiBMgQCjgDc5TerGjFY.js line 1 > eval line 5091 > eval, line 1: Failed to create WebGL context: WebGL creation failed: 
* Can't use WebGL in headless mode (https://bugzil.la/1375585).
JavaScript warning: https://pagead2.googlesyndication.com/bg/w3uW36kZ3iEz52fjwmSMTfWAeiBMgQCjgDc5TerGjFY.js line 1 > eval line 7573 > eval line 1 > eval, line 1: WebGL warning: <Create>: Can't use WebGL in headless mode (https://bugzil.la/1375585).
JavaScript warning: https://pagead2.googlesyndication.com/bg/w3uW36kZ3iEz52fjwmSMTfWAeiBMgQCjgDc5TerGjFY.js line 1 > eval line 7573 > eval line 1 > eval, line 1: Failed to create WebGL context: WebGL creation failed: 
* Can't use WebGL in headless mode (https://bugzil.la/1375585).
JavaScript error: , line 0: NS_ERROR_NOT_AVAILABLE
JavaScript error: , line 0: NS_ERROR_NOT_AVAILABLE
JavaScript error: , line 0: NS_ERROR_NOT_AVAILABLE
JavaScript error: , line 0: uncaught exception: Object
Exiting due to channel error.
Exiting due to channel error.
_mozprofilechX4mQ"
*** You are running in headless mode.
JavaScript error: resource://gre/modules/XULStore.jsm, line 66: Error: Can't find profile directory.
console.error: SearchCache: "_readCacheFile: Error reading cache file:" (new Error("", "(unknown module)"))
1599233438541	Marionette	INFO	Listening on port 60251
1599233438828	Marionette	WARN	TLS certificate errors will be ignored for this session
JavaScript warning: https://pagead2.googlesyndication.com/bg/w3uW36kZ3iEz52fjwmSMTfWAeiBMgQCjgDc5TerGjFY.js line 1 > eval line 316 > eval line 1 > eval, line 1: WebGL warning: <Create>: Can't use WebGL in headless mode (https://bugzil.la/1375585).
JavaScript warning: https://pagead2.googlesyndication.com/bg/w3uW36kZ3iEz52fjwmSMTfWAeiBMgQCjgDc5TerGjFY.js line 1 > eval line 316 > eval line 1 > eval, line 1: Failed to create WebGL context: WebGL creation failed: 
* Can't use WebGL in headless mode (https://bugzil.la/1375585).
JavaScript warning: https://pagead2.googlesyndication.com/bg/w3uW36kZ3iEz52fjwmSMTfWAeiBMgQCjgDc5TerGjFY.js line 1 > eval line 6550 > eval line 1 > eval, line 1: WebGL warning: <Create>: Can't use WebGL in headless mode (https://bugzil.la/1375585).
JavaScript warning: https://pagead2.googlesyndication.com/bg/w3uW36kZ3iEz52fjwmSMTfWAeiBMgQCjgDc5TerGjFY.js line 1 > eval line 6550 > eval line 1 > eval, line 1: Failed to create WebGL context: WebGL creation failed: 
* Can't use WebGL in headless mode (https://bugzil.la/1375585).
JavaScript warning: https://pagead2.googlesyndication.com/bg/w3uW36kZ3iEz52fjwmSMTfWAeiBMgQCjgDc5TerGjFY.js line 1 > eval line 3672 > eval, line 1: WebGL warning: <Create>: Can't use WebGL in headless mode (https://bugzil.la/1375585).
JavaScript warning: https://pagead2.googlesyndication.com/bg/w3uW36kZ3iEz52fjwmSMTfWAeiBMgQCjgDc5TerGjFY.js line 1 > eval line 3672 > eval, line 1: Failed to create WebGL context: WebGL creation failed: 
* Can't use WebGL in headless mode (https://bugzil.la/1375585).
1599233469002	Marionette	INFO	Stopped listening on port 60251
[Parent 24312, Gecko_IOThread] WARNING: pipe error: 232: file /builds/worker/checkouts/gecko/ipc/chromium/src/chrome/common/ipc_channel_win.cc, line 545
1599307821383	geckodriver	INFO	Listening on 127.0.0.1:62773
1599307824503	mozrunner::runner	INFO	Running command: "C:\\Program Files\\Mozilla Firefox\\firefox.exe" "--marionette" "-headless" "-foreground" "-no-remote" "-profile" "C:\\Users\\simon\\AppData\\Local\\Temp\\rust_mozprofileEo4ywJ"
*** You are running in headless mode.
JavaScript error: resource://gre/modules/XULStore.jsm, line 66: Error: Can't find profile directory.
console.error: SearchCache: "_readCacheFile: Error reading cache file:" (new Error("", "(unknown module)"))
1599307827870	Marionette	INFO	Listening on port 62782
1599307828168	Marionette	WARN	TLS certificate errors will be ignored for this session
JavaScript warning: https://pagead2.googlesyndication.com/bg/w3uW36kZ3iEz52fjwmSMTfWAeiBMgQCjgDc5TerGjFY.js line 1 > eval line 7488 > eval line 1 > eval, line 1: WebGL warning: <Create>: Can't use WebGL in headless mode (https://bugzil.la/1375585).
JavaScript warning: https://pagead2.googlesyndication.com/bg/w3uW36kZ3iEz52fjwmSMTfWAeiBMgQCjgDc5TerGjFY.js line 1 > eval line 7488 > eval line 1 > eval, line 1: Failed to create WebGL context: WebGL creation failed: 
* Can't use WebGL in headless mode (https://bugzil.la/1375585).
JavaScript warning: https://pagead2.googlesyndication.com/bg/w3uW36kZ3iEz52fjwmSMTfWAeiBMgQCjgDc5TerGjFY.js line 1 > eval line 7542 > eval line 1 > eval, line 1: WebGL warning: <Create>: Can't use WebGL in headless mode (https://bugzil.la/1375585).
JavaScript warning: https://pagead2.googlesyndication.com/bg/w3uW36kZ3iEz52fjwmSMTfWAeiBMgQCjgDc5TerGjFY.js line 1 > eval line 7542 > eval line 1 > eval, line 1: Failed to create WebGL context: WebGL creation failed: 
* Can't use WebGL in headless mode (https://bugzil.la/1375585).
1599307850863	Marionette	INFO	Stopped listening on port 62782
1599323085094	geckodriver	INFO	Listening on 127.0.0.1:50968
1599323088174	mozrunner::runner	INFO	Running command: "C:\\Program Files\\Mozilla Firefox\\firefox.exe" "--marionette" "-headless" "-foreground" "-no-remote" "-profile" "C:\\Users\\simon\\AppData\\Local\\Temp\\rust_mozprofileSuI0Uy"
*** You are running in headless mode.
JavaScript error: resource://gre/modules/XULStore.jsm, line 66: Error: Can't find profile directory.
console.error: SearchCache: "_readCacheFile: Error reading cache file:" (new Error("", "(unknown module)"))
1599323090255	Marionette	INFO	Listening on port 50977
1599323090318	Marionette	WARN	TLS certificate errors will be ignored for this session
JavaScript warning: https://pagead2.googlesyndication.com/bg/w3uW36kZ3iEz52fjwmSMTfWAeiBMgQCjgDc5TerGjFY.js line 1 > eval line 6078 > eval line 1 > eval, line 1: WebGL warning: <Create>: Can't use WebGL in headless mode (https://bugzil.la/1375585).
JavaScript warning: https://pagead2.googlesyndication.com/bg/w3uW36kZ3iEz52fjwmSMTfWAeiBMgQCjgDc5TerGjFY.js line 1 > eval line 6078 > eval line 1 > eval, line 1: Failed to create WebGL context: WebGL creation failed: 
* Can't use WebGL in headless mode (https://bugzil.la/1375585).
JavaScript warning: https://pagead2.googlesyndication.com/bg/w3uW36kZ3iEz52fjwmSMTfWAeiBMgQCjgDc5TerGjFY.js line 1 > eval line 1507 > eval, line 1: WebGL warning: <Create>: Can't use WebGL in headless mode (https://bugzil.la/1375585).
JavaScript warning: https://pagead2.googlesyndication.com/bg/w3uW36kZ3iEz52fjwmSMTfWAeiBMgQCjgDc5TerGjFY.js line 1 > eval line 1507 > eval, line 1: Failed to create WebGL context: WebGL creation failed: 
* Can't use WebGL in headless mode (https://bugzil.la/1375585).
JavaScript warning: https://cdn.flashtalking.com/frameworks/js/api/2/10/html5API.js, line 1: WebGL warning: <Create>: Can't use WebGL in headless mode (https://bugzil.la/1375585).
JavaScript warning: https://cdn.flashtalking.com/frameworks/js/api/2/10/html5API.js, line 1: Failed to create WebGL context: WebGL creation failed: 
* Can't use WebGL in headless mode (https://bugzil.la/1375585).
JavaScript warning: https://pagead2.googlesyndication.com/bg/w3uW36kZ3iEz52fjwmSMTfWAeiBMgQCjgDc5TerGjFY.js line 1 > eval line 4820 > eval, line 1: WebGL warning: <Create>: Can't use WebGL in headless mode (https://bugzil.la/1375585).
JavaScript warning: https://pagead2.googlesyndication.com/bg/w3uW36kZ3iEz52fjwmSMTfWAeiBMgQCjgDc5TerGjFY.js line 1 > eval line 4820 > eval, line 1: Failed to create WebGL context: WebGL creation failed: 
* Can't use WebGL in headless mode (https://bugzil.la/1375585).
1599323110410	Marionette	INFO	Stopped listening on port 50977
1599391095932	geckodriver	INFO	Listening on 127.0.0.1:61860
1599391099035	mozrunner::runner	INFO	Running command: "C:\\Program Files\\Mozilla Firefox\\firefox.exe" "--marionette" "-headless" "-foreground" "-no-remote" "-profile" "C:\\Users\\simon\\AppData\\Local\\Temp\\rust_mozprofiletSum02"
*** You are running in headless mode.
JavaScript error: resource://gre/modules/XULStore.jsm, line 66: Error: Can't find profile directory.
console.error: SearchCache: "_readCacheFile: Error reading cache file:" (new Error("", "(unknown module)"))
1599391101726	Marionette	INFO	Listening on port 61868
1599391102217	Marionette	WARN	TLS certificate errors will be ignored for this session
JavaScript warning: https://pagead2.googlesyndication.com/bg/w3uW36kZ3iEz52fjwmSMTfWAeiBMgQCjgDc5TerGjFY.js line 1 > eval line 1601 > eval line 1 > eval, line 1: WebGL warning: <Create>: Can't use WebGL in headless mode (https://bugzil.la/1375585).
JavaScript warning: https://pagead2.googlesyndication.com/bg/w3uW36kZ3iEz52fjwmSMTfWAeiBMgQCjgDc5TerGjFY.js line 1 > eval line 1601 > eval line 1 > eval, line 1: Failed to create WebGL context: WebGL creation failed: 
* Can't use WebGL in headless mode (https://bugzil.la/1375585).
JavaScript warning: https://pagead2.googlesyndication.com/bg/w3uW36kZ3iEz52fjwmSMTfWAeiBMgQCjgDc5TerGjFY.js line 1 > eval line 1923 > eval, line 1: WebGL warning: <Create>: Can't use WebGL in headless mode (https://bugzil.la/1375585).
JavaScript warning: https://pagead2.googlesyndication.com/bg/w3uW36kZ3iEz52fjwmSMTfWAeiBMgQCjgDc5TerGjFY.js line 1 > eval line 1923 > eval, line 1: Failed to create WebGL context: WebGL creation failed: 
* Can't use WebGL in headless mode (https://bugzil.la/1375585).
1599391122568	Marionette	INFO	Stopped listening on port 61868
1599410941406	geckodriver	INFO	Listening on 127.0.0.1:63014
1599410944506	mozrunner::runner	INFO	Running command: "C:\\Program Files\\Mozilla Firefox\\firefox.exe" "--marionette" "-headless" "-foreground" "-no-remote" "-profile" "C:\\Users\\simon\\AppData\\Local\\Temp\\rust_mozprofileyfKEFE"
*** You are running in headless mode.
JavaScript error: resource://gre/modules/XULStore.jsm, line 66: Error: Can't find profile directory.
console.error: SearchCache: "_readCacheFile: Error reading cache file:" (new Error("", "(unknown module)"))
1599410948606	Marionette	INFO	Listening on port 63024
1599410949096	Marionette	WARN	TLS certificate errors will be ignored for this session
JavaScript warning: https://pagead2.googlesyndication.com/bg/w3uW36kZ3iEz52fjwmSMTfWAeiBMgQCjgDc5TerGjFY.js line 1 > eval line 5418 > eval, line 1: WebGL warning: <Create>: Can't use WebGL in headless mode (https://bugzil.la/1375585).
JavaScript warning: https://pagead2.googlesyndication.com/bg/w3uW36kZ3iEz52fjwmSMTfWAeiBMgQCjgDc5TerGjFY.js line 1 > eval line 5418 > eval, line 1: Failed to create WebGL context: WebGL creation failed: 
* Can't use WebGL in headless mode (https://bugzil.la/1375585).
JavaScript warning: https://pagead2.googlesyndication.com/bg/w3uW36kZ3iEz52fjwmSMTfWAeiBMgQCjgDc5TerGjFY.js line 1 > eval line 1030 > eval, line 1: WebGL warning: <Create>: Can't use WebGL in headless mode (https://bugzil.la/1375585).
JavaScript warning: https://pagead2.googlesyndication.com/bg/w3uW36kZ3iEz52fjwmSMTfWAeiBMgQCjgDc5TerGjFY.js line 1 > eval line 1030 > eval, line 1: Failed to create WebGL context: WebGL creation failed: 
* Can't use WebGL in headless mode (https://bugzil.la/1375585).
1599410972422	Marionette	INFO	Stopped listening on port 63024

###!!! [Child][RunMessage] Error: Channel closing: too late to send/recv, messages will be lost

1599832147331	geckodriver	INFO	Listening on 127.0.0.1:57359
1599832150467	mozrunner::runner	INFO	Running command: "C:\\Program Files\\Mozilla Firefox\\firefox.exe" "--marionette" "-headless" "-foreground" "-no-remote" "-profile" "C:\\Users\\simon\\AppData\\Local\\Temp\\rust_mozprofileiNoErv"
*** You are running in headless mode.
JavaScript error: resource://gre/modules/XULStore.jsm, line 66: Error: Can't find profile directory.
console.error: SearchCache: "_readCacheFile: Error reading cache file:" (new Error("", "(unknown module)"))
1599832153507	Marionette	INFO	Listening on port 57367
1599832153635	Marionette	WARN	TLS certificate errors will be ignored for this session
JavaScript warning: https://pagead2.googlesyndication.com/bg/w3uW36kZ3iEz52fjwmSMTfWAeiBMgQCjgDc5TerGjFY.js line 1 > eval line 2779 > eval, line 1: WebGL warning: <Create>: Can't use WebGL in headless mode (https://bugzil.la/1375585).
JavaScript warning: https://pagead2.googlesyndication.com/bg/w3uW36kZ3iEz52fjwmSMTfWAeiBMgQCjgDc5TerGjFY.js line 1 > eval line 2779 > eval, line 1: Failed to create WebGL context: WebGL creation failed: 
* Can't use WebGL in headless mode (https://bugzil.la/1375585).
1599832164769	Marionette	INFO	Stopped listening on port 57367

###!!! [Child][RunMessage] Error: Channel closing: too late to send/recv, messages will be lost


###!!! [Child][RunMessage] Error: Channel closing: too late to send/recv, messages will be lost

1599832339549	geckodriver	INFO	Listening on 127.0.0.1:51402
1599832342660	mozrunner::runner	INFO	Running command: "C:\\Program Files\\Mozilla Firefox\\firefox.exe" "--marionette" "-headless" "-foreground" "-no-remote" "-profile" "C:\\Users\\simon\\AppData\\Local\\Temp\\rust_mozprofilekYO4dY"
*** You are running in headless mode.
JavaScript error: resource://gre/modules/XULStore.jsm, line 66: Error: Can't find profile directory.
console.error: SearchCache: "_readCacheFile: Error reading cache file:" (new Error("", "(unknown module)"))
1599832345721	Marionette	INFO	Listening on port 51410
1599832345849	Marionette	WARN	TLS certificate errors will be ignored for this session
JavaScript warning: https://pagead2.googlesyndication.com/bg/w3uW36kZ3iEz52fjwmSMTfWAeiBMgQCjgDc5TerGjFY.js line 1 > eval line 3904 > eval line 1 > eval, line 1: WebGL warning: <Create>: Can't use WebGL in headless mode (https://bugzil.la/1375585).
JavaScript warning: https://pagead2.googlesyndication.com/bg/w3uW36kZ3iEz52fjwmSMTfWAeiBMgQCjgDc5TerGjFY.js line 1 > eval line 3904 > eval line 1 > eval, line 1: Failed to create WebGL context: WebGL creation failed: 
* Can't use WebGL in headless mode (https://bugzil.la/1375585).
JavaScript error: , line 0: NS_ERROR_NOT_AVAILABLE
JavaScript error: , line 0: NS_ERROR_NOT_AVAILABLE
 command: "C:\\Program Files\\Mozilla Firefox\\firefox.exe" "--marionette" "-headless" "-foreground" "-no-remote" "-profile" "C:\\Users\\simon\\AppData\\Local\\Temp\\rust_mozprofilebfGEnu"
*** You are running in headless mode.
JavaScript error: resource://gre/modules/XULStore.jsm, line 66: Error: Can't find profile directory.
console.error: SearchCache: "_readCacheFile: Error reading cache file:" (new Error("", "(unknown module)"))
1599832463108	Marionette	INFO	Listening on port 51643
1599832463322	Marionette	WARN	TLS certificate errors will be ignored for this session
JavaScript warning: https://pagead2.googlesyndication.com/bg/w3uW36kZ3iEz52fjwmSMTfWAeiBMgQCjgDc5TerGjFY.js line 1 > eval line 2396 > eval line 1 > eval, line 1: WebGL warning: <Create>: Can't use WebGL in headless mode (https://bugzil.la/1375585).
JavaScript warning: https://pagead2.googlesyndication.com/bg/w3uW36kZ3iEz52fjwmSMTfWAeiBMgQCjgDc5TerGjFY.js line 1 > eval line 2396 > eval line 1 > eval, line 1: Failed to create WebGL context: WebGL creation failed: 
* Can't use WebGL in headless mode (https://bugzil.la/1375585).
JavaScript warning: https://pagead2.googlesyndication.com/bg/w3uW36kZ3iEz52fjwmSMTfWAeiBMgQCjgDc5TerGjFY.js line 1 > eval line 6757 > eval, line 1: WebGL warning: <Create>: Can't use WebGL in headless mode (https://bugzil.la/1375585).
JavaScript warning: https://pagead2.googlesyndication.com/bg/w3uW36kZ3iEz52fjwmSMTfWAeiBMgQCjgDc5TerGjFY.js line 1 > eval line 6757 > eval, line 1: Failed to create WebGL context: WebGL creation failed: 
* Can't use WebGL in headless mode (https://bugzil.la/1375585).
1599832487216	Marionette	INFO	Stopped listening on port 51643
1599832540669	geckodriver	INFO	Listening on 127.0.0.1:51878
1599832543765	mozrunner::runner	INFO	Running command: "C:\\Program Files\\Mozilla Firefox\\firefox.exe" "--marionette" "-headless" "-foreground" "-no-remote" "-profile" "C:\\Users\\simon\\AppData\\Local\\Temp\\rust_mozprofileYT0Pps"
*** You are running in headless mode.
JavaScript error: resource://gre/modules/XULStore.jsm, line 66: Error: Can't find profile directory.
console.error: SearchCache: "_readCacheFile: Error reading cache file:" (new Error("", "(unknown module)"))
1599832547023	Marionette	INFO	Listening on port 51886
1599832547457	Marionette	WARN	TLS certificate errors will be ignored for this session
JavaScript warning: https://pagead2.googlesyndication.com/bg/w3uW36kZ3iEz52fjwmSMTfWAeiBMgQCjgDc5TerGjFY.js line 1 > eval line 1973 > eval line 1 > eval, line 1: WebGL warning: <Create>: Can't use WebGL in headless mode (https://bugzil.la/1375585).
JavaScript warning: https://pagead2.googlesyndication.com/bg/w3uW36kZ3iEz52fjwmSMTfWAeiBMgQCjgDc5TerGjFY.js line 1 > eval line 1973 > eval line 1 > eval, line 1: Failed to create WebGL context: WebGL creation failed: 
* Can't use WebGL in headless mode (https://bugzil.la/1375585).
JavaScript error: , line 0: uncaught exception: undefined
JavaScript error: , line 0: uncaught exception: Object
JavaScript error: , line 0: NS_ERROR_NOT_AVAILABLE
JavaScript error: , line 0: uncaught exception: Object
JavaScript error: , line 0: NS_ERROR_NOT_AVAILABLE
" "-profile" "C:\\Users\\simon\\AppData\\Local\\Temp\\rust_mozprofile2idl5L"
*** You are running in headless mode.
JavaScript error: resource://gre/modules/XULStore.jsm, line 66: Error: Can't find profile directory.
console.error: SearchCache: "_readCacheFile: Error reading cache file:" (new Error("", "(unknown module)"))
1599832596400	Marionette	INFO	Listening on port 52110
1599832596610	Marionette	WARN	TLS certificate errors will be ignored for this session
JavaScript warning: https://pagead2.googlesyndication.com/bg/w3uW36kZ3iEz52fjwmSMTfWAeiBMgQCjgDc5TerGjFY.js line 1 > eval line 6418 > eval line 1 > eval, line 1: WebGL warning: <Create>: Can't use WebGL in headless mode (https://bugzil.la/1375585).
JavaScript warning: https://pagead2.googlesyndication.com/bg/w3uW36kZ3iEz52fjwmSMTfWAeiBMgQCjgDc5TerGjFY.js line 1 > eval line 6418 > eval line 1 > eval, line 1: Failed to create WebGL context: WebGL creation failed: 
* Can't use WebGL in headless mode (https://bugzil.la/1375585).
JavaScript warning: https://pagead2.googlesyndication.com/bg/w3uW36kZ3iEz52fjwmSMTfWAeiBMgQCjgDc5TerGjFY.js line 1 > eval line 857 > eval line 1 > eval, line 1: WebGL warning: <Create>: Can't use WebGL in headless mode (https://bugzil.la/1375585).
JavaScript warning: https://pagead2.googlesyndication.com/bg/w3uW36kZ3iEz52fjwmSMTfWAeiBMgQCjgDc5TerGjFY.js line 1 > eval line 857 > eval line 1 > eval, line 1: Failed to create WebGL context: WebGL creation failed: 
* Can't use WebGL in headless mode (https://bugzil.la/1375585).
1599832618170	Marionette	INFO	Stopped listening on port 52110

###!!! [Child][RunMessage] Error: Channel closing: too late to send/recv, messages will be lost

1599832687641	geckodriver	INFO	Listening on 127.0.0.1:52334
1599832690761	mozrunner::runner	INFO	Running command: "C:\\Program Files\\Mozilla Firefox\\firefox.exe" "--marionette" "-headless" "-foreground" "-no-remote" "-profile" "C:\\Users\\simon\\AppData\\Local\\Temp\\rust_mozprofiledbZESB"
*** You are running in headless mode.
JavaScript error: resource://gre/modules/XULStore.jsm, line 66: Error: Can't find profile directory.
console.error: SearchCache: "_readCacheFile: Error reading cache file:" (new Error("", "(unknown module)"))
1599832693793	Marionette	INFO	Listening on port 52342
1599832693926	Marionette	WARN	TLS certificate errors will be ignored for this session
JavaScript warning: https://pagead2.googlesyndication.com/bg/w3uW36kZ3iEz52fjwmSMTfWAeiBMgQCjgDc5TerGjFY.js line 1 > eval line 6106 > eval, line 1: WebGL warning: <Create>: Can't use WebGL in headless mode (https://bugzil.la/1375585).
JavaScript warning: https://pagead2.googlesyndication.com/bg/w3uW36kZ3iEz52fjwmSMTfWAeiBMgQCjgDc5TerGjFY.js line 1 > eval line 6106 > eval, line 1: Failed to create WebGL context: WebGL creation failed: 
* Can't use WebGL in headless mode (https://bugzil.la/1375585).
1599832711885	Marionette	INFO	Stopped listening on port 52342

###!!! [Child][MessageChannel] Error: (msgtype=0x390138,name=PContent::Msg_ScriptError) Channel closing: too late to send/recv, messages will be lost


###!!! [Child][RunMessage] Error: Channel closing: too late to send/recv, messages will be lost


###!!! [Child][RunMessage] Error: Channel closing: too late to send/recv, messages will be lost


###!!! [Child][RunMessage] Error: Channel closing: too late to send/recv, messages will be lost

1599832768858	geckodriver	INFO	Listening on 127.0.0.1:52556
1599832771957	mozrunner::runner	INFO	Running command: "C:\\Program Files\\Mozilla Firefox\\firefox.exe" "--marionette" "-headless" "-foreground" "-no-remote" "-profile" "C:\\Users\\simon\\AppData\\Local\\Temp\\rust_mozprofileyzPpWI"
*** You are running in headless mode.
JavaScript error: resource://gre/modules/XULStore.jsm, line 66: Error: Can't find profile directory.
console.error: SearchCache: "_readCacheFile: Error reading cache file:" (new Error("", "(unknown module)"))
1599832774540	Marionette	INFO	Listening on port 52564
1599832774604	Marionette	WARN	TLS certificate errors will be ignored for this session
JavaScript warning: https://pagead2.googlesyndication.com/bg/w3uW36kZ3iEz52fjwmSMTfWAeiBMgQCjgDc5TerGjFY.js line 1 > eval line 5417 > eval line 1 > eval, line 1: WebGL warning: <Create>: Can't use WebGL in headless mode (https://bugzil.la/1375585).
JavaScript warning: https://pagead2.googlesyndication.com/bg/w3uW36kZ3iEz52fjwmSMTfWAeiBMgQCjgDc5TerGjFY.js line 1 > eval line 5417 > eval line 1 > eval, line 1: Failed to create WebGL context: WebGL creation failed: 
* Can't use WebGL in headless mode (https://bugzil.la/1375585).
1599832793007	Marionette	INFO	Stopped listening on port 52564
1599832878947	geckodriver	INFO	Listening on 127.0.0.1:52775
1599832882037	mozrunner::runner	INFO	Running command: "C:\\Program Files\\Mozilla Firefox\\firefox.exe" "--marionette" "-headless" "-foreground" "-no-remote" "-profile" "C:\\Users\\simon\\AppData\\Local\\Temp\\rust_mozprofileNcwFbI"
*** You are running in headless mode.
JavaScript error: resource://gre/modules/XULStore.jsm, line 66: Error: Can't find profile directory.
console.error: SearchCache: "_readCacheFile: Error reading cache file:" (new Error("", "(unknown module)"))
1599832884724	Marionette	INFO	Listening on port 52783
1599832885205	Marionette	WARN	TLS certificate errors will be ignored for this session
JavaScript warning: https://pagead2.googlesyndication.com/bg/w3uW36kZ3iEz52fjwmSMTfWAeiBMgQCjgDc5TerGjFY.js line 1 > eval line 220 > eval line 1 > eval, line 1: WebGL warning: <Create>: Can't use WebGL in headless mode (https://bugzil.la/1375585).
JavaScript warning: https://pagead2.googlesyndication.com/bg/w3uW36kZ3iEz52fjwmSMTfWAeiBMgQCjgDc5TerGjFY.js line 1 > eval line 220 > eval line 1 > eval, line 1: Failed to create WebGL context: WebGL creation failed: 
* Can't use WebGL in headless mode (https://bugzil.la/1375585).
JavaScript error: , line 0: uncaught exception: undefined
1599832907150	Marionette	INFO	Stopped listening on port 52783
1600083893015	geckodriver	INFO	Listening on 127.0.0.1:55301
1600083896205	mozrunner::runner	INFO	Running command: "C:\\Program Files\\Mozilla Firefox\\firefox.exe" "--marionette" "-headless" "-foreground" "-no-remote" "-profile" "C:\\Users\\simon\\AppData\\Local\\Temp\\rust_mozprofileYc0xx7"
*** You are running in headless mode.
JavaScript error: resource://gre/modules/XULStore.jsm, line 66: Error: Can't find profile directory.
console.error: SearchCache: "_readCacheFile: Error reading cache file:" (new Error("", "(unknown module)"))
1600083899656	Marionette	INFO	Listening on port 55309
1600083899873	Marionette	WARN	TLS certificate errors will be ignored for this session
JavaScript warning: https://pagead2.googlesyndication.com/bg/w3uW36kZ3iEz52fjwmSMTfWAeiBMgQCjgDc5TerGjFY.js line 1 > eval line 936 > eval line 1 > eval, line 1: WebGL warning: <Create>: Can't use WebGL in headless mode (https://bugzil.la/1375585).
JavaScript warning: https://pagead2.googlesyndication.com/bg/w3uW36kZ3iEz52fjwmSMTfWAeiBMgQCjgDc5TerGjFY.js line 1 > eval line 936 > eval line 1 > eval, line 1: Failed to create WebGL context: WebGL creation failed: 
* Can't use WebGL in headless mode (https://bugzil.la/1375585).
JavaScript warning: https://pagead2.googlesyndication.com/bg/w3uW36kZ3iEz52fjwmSMTfWAeiBMgQCjgDc5TerGjFY.js line 1 > eval line 5808 > eval line 1 > eval, line 1: WebGL warning: <Create>: Can't use WebGL in headless mode (https://bugzil.la/1375585).
JavaScript warning: https://pagead2.googlesyndication.com/bg/w3uW36kZ3iEz52fjwmSMTfWAeiBMgQCjgDc5TerGjFY.js line 1 > eval line 5808 > eval line 1 > eval, line 1: Failed to create WebGL context: WebGL creation failed: 
* Can't use WebGL in headless mode (https://bugzil.la/1375585).
1600083918435	Marionette	INFO	Stopped listening on port 55309
1600083985580	geckodriver	INFO	Listening on 127.0.0.1:54812
1600083988673	mozrunner::runner	INFO	Running command: "C:\\Program Files\\Mozilla Firefox\\firefox.exe" "--marionette" "-headless" "-foreground" "-no-remote" "-profile" "C:\\Users\\simon\\AppData\\Local\\Temp\\rust_mozprofileDgaSmX"
*** You are running in headless mode.
JavaScript error: resource://gre/modules/XULStore.jsm, line 66: Error: Can't find profile directory.
console.error: SearchCache: "_readCacheFile: Error reading cache file:" (new Error("", "(unknown module)"))
1600083991428	Marionette	INFO	Listening on port 54820
1600083991848	Marionette	WARN	TLS certificate errors will be ignored for this session
JavaScript warning: https://pagead2.googlesyndication.com/bg/w3uW36kZ3iEz52fjwmSMTfWAeiBMgQCjgDc5TerGjFY.js line 1 > eval line 4718 > eval line 1 > eval, line 1: WebGL warning: <Create>: Can't use WebGL in headless mode (https://bugzil.la/1375585).
JavaScript warning: https://pagead2.googlesyndication.com/bg/w3uW36kZ3iEz52fjwmSMTfWAeiBMgQCjgDc5TerGjFY.js line 1 > eval line 4718 > eval line 1 > eval, line 1: Failed to create WebGL context: WebGL creation failed: 
* Can't use WebGL in headless mode (https://bugzil.la/1375585).
JavaScript warning: https://pagead2.googlesyndication.com/bg/w3uW36kZ3iEz52fjwmSMTfWAeiBMgQCjgDc5TerGjFY.js line 1 > eval line 4484 > eval, line 1: WebGL warning: <Create>: Can't use WebGL in headless mode (https://bugzil.la/1375585).
JavaScript warning: https://pagead2.googlesyndication.com/bg/w3uW36kZ3iEz52fjwmSMTfWAeiBMgQCjgDc5TerGjFY.js line 1 > eval line 4484 > eval, line 1: Failed to create WebGL context: WebGL creation failed: 
* Can't use WebGL in headless mode (https://bugzil.la/1375585).
1600084020889	Marionette	INFO	Stopped listening on port 54820
1600084205105	geckodriver	INFO	Listening on 127.0.0.1:55111
1600084208210	mozrunner::runner	INFO	Running command: "C:\\Program Files\\Mozilla Firefox\\firefox.exe" "--marionette" "-headless" "-foreground" "-no-remote" "-profile" "C:\\Users\\simon\\AppData\\Local\\Temp\\rust_mozprofileYA4xp3"
*** You are running in headless mode.
JavaScript error: resource://gre/modules/XULStore.jsm, line 66: Error: Can't find profile directory.
console.error: SearchCache: "_readCacheFile: Error reading cache file:" (new Error("", "(unknown module)"))
1600084210177	Marionette	INFO	Listening on port 55119
1600084210246	Marionette	WARN	TLS certificate errors will be ignored for this session
JavaScript warning: https://pagead2.googlesyndication.com/bg/w3uW36kZ3iEz52fjwmSMTfWAeiBMgQCjgDc5TerGjFY.js line 1 > eval line 2843 > eval line 1 > eval, line 1: WebGL warning: <Create>: Can't use WebGL in headless mode (https://bugzil.la/1375585).
JavaScript warning: https://pagead2.googlesyndication.com/bg/w3uW36kZ3iEz52fjwmSMTfWAeiBMgQCjgDc5TerGjFY.js line 1 > eval line 2843 > eval line 1 > eval, line 1: Failed to create WebGL context: WebGL creation failed: 
* Can't use WebGL in headless mode (https://bugzil.la/1375585).
JavaScript warning: https://pagead2.googlesyndication.com/bg/w3uW36kZ3iEz52fjwmSMTfWAeiBMgQCjgDc5TerGjFY.js line 1 > eval line 2008 > eval, line 1: WebGL warning: <Create>: Can't use WebGL in headless mode (https://bugzil.la/1375585).
JavaScript warning: https://pagead2.googlesyndication.com/bg/w3uW36kZ3iEz52fjwmSMTfWAeiBMgQCjgDc5TerGjFY.js line 1 > eval line 2008 > eval, line 1: Failed to create WebGL context: WebGL creation failed: 
* Can't use WebGL in headless mode (https://bugzil.la/1375585).
1600084522358	geckodriver	INFO	Listening on 127.0.0.1:55393
1600084525467	mozrunner::runner	INFO	Running command: "C:\\Program Files\\Mozilla Firefox\\firefox.exe" "--marionette" "-headless" "-foreground" "-no-remote" "-profile" "C:\\Users\\simon\\AppData\\Local\\Temp\\rust_mozprofileSptut3"
*** You are running in headless mode.
JavaScript error: resource://gre/modules/XULStore.jsm, line 66: Error: Can't find profile directory.
console.error: SearchCache: "_readCacheFile: Error reading cache file:" (new Error("", "(unknown module)"))
1600084527633	Marionette	INFO	Listening on port 55401
1600084528111	Marionette	WARN	TLS certificate errors will be ignored for this session
JavaScript warning: https://pagead2.googlesyndication.com/bg/w3uW36kZ3iEz52fjwmSMTfWAeiBMgQCjgDc5TerGjFY.js line 1 > eval line 3859 > eval line 1 > eval, line 1: WebGL warning: <Create>: Can't use WebGL in headless mode (https://bugzil.la/1375585).
JavaScript warning: https://pagead2.googlesyndication.com/bg/w3uW36kZ3iEz52fjwmSMTfWAeiBMgQCjgDc5TerGjFY.js line 1 > eval line 3859 > eval line 1 > eval, line 1: Failed to create WebGL context: WebGL creation failed: 
* Can't use WebGL in headless mode (https://bugzil.la/1375585).
JavaScript warning: https://pagead2.googlesyndication.com/bg/w3uW36kZ3iEz52fjwmSMTfWAeiBMgQCjgDc5TerGjFY.js line 1 > eval line 5325 > eval, line 1: WebGL warning: <Create>: Can't use WebGL in headless mode (https://bugzil.la/1375585).
JavaScript warning: https://pagead2.googlesyndication.com/bg/w3uW36kZ3iEz52fjwmSMTfWAeiBMgQCjgDc5TerGjFY.js line 1 > eval line 5325 > eval, line 1: Failed to create WebGL context: WebGL creation failed: 
* Can't use WebGL in headless mode (https://bugzil.la/1375585).
JavaScript warning: https://pagead2.googlesyndication.com/bg/w3uW36kZ3iEz52fjwmSMTfWAeiBMgQCjgDc5TerGjFY.js line 1 > eval line 2577 > eval line 1 > eval, line 1: WebGL warning: <Create>: Can't use WebGL in headless mode (https://bugzil.la/1375585).
JavaScript warning: https://pagead2.googlesyndication.com/bg/w3uW36kZ3iEz52fjwmSMTfWAeiBMgQCjgDc5TerGjFY.js line 1 > eval line 2577 > eval line 1 > eval, line 1: Failed to create WebGL context: WebGL creation failed: 
* Can't use WebGL in headless mode (https://bugzil.la/1375585).
JavaScript warning: https://cdn.flashtalking.com/frameworks/js/api/2/10/html5API.js, line 1: WebGL warning: <Create>: Can't use WebGL in headless mode (https://bugzil.la/1375585).
JavaScript warning: https://cdn.flashtalking.com/frameworks/js/api/2/10/html5API.js, line 1: Failed to create WebGL context: WebGL creation failed: 
* Can't use WebGL in headless mode (https://bugzil.la/1375585).
JavaScript warning: https://pagead2.googlesyndication.com/bg/w3uW36kZ3iEz52fjwmSMTfWAeiBMgQCjgDc5TerGjFY.js line 1 > eval line 4403 > eval line 1 > eval, line 1: WebGL warning: <Create>: Can't use WebGL in headless mode (https://bugzil.la/1375585).
JavaScript warning: https://pagead2.googlesyndication.com/bg/w3uW36kZ3iEz52fjwmSMTfWAeiBMgQCjgDc5TerGjFY.js line 1 > eval line 4403 > eval line 1 > eval, line 1: Failed to create WebGL context: WebGL creation failed: 
* Can't use WebGL in headless mode (https://bugzil.la/1375585).
JavaScript warning: https://pagead2.googlesyndication.com/bg/w3uW36kZ3iEz52fjwmSMTfWAeiBMgQCjgDc5TerGjFY.js line 1 > eval line 7678 > eval, line 1: WebGL warning: <Create>: Can't use WebGL in headless mode (https://bugzil.la/1375585).
JavaScript warning: https://pagead2.googlesyndication.com/bg/w3uW36kZ3iEz52fjwmSMTfWAeiBMgQCjgDc5TerGjFY.js line 1 > eval line 7678 > eval, line 1: Failed to create WebGL context: WebGL creation failed: 
* Can't use WebGL in headless mode (https://bugzil.la/1375585).
1600084550999	Marionette	INFO	Stopped listening on port 55401

###!!! [Child][RunMessage] Error: Channel closing: too late to send/recv, messages will be lost

